Oct 24 12:58:22.511276 ci-op-2fcpj5j6-f6035-2lklf-master-1 systemd[1]: Finished OSTree Finalize Staged Deployment.
Oct 24 12:58:29.027167 ci-op-2fcpj5j6-f6035-2lklf-master-1 systemd[1]: Stopping OSTree Finalize Staged Deployment...
Oct 24 12:58:29.112310 ci-op-2fcpj5j6-f6035-2lklf-master-1 ostree[3503]: Finalizing staged deployment
Oct 24 12:58:31.085610 ci-op-2fcpj5j6-f6035-2lklf-master-1 ostree[3503]: Copying /etc changes: 12 modified, 0 removed, 137 added
Oct 24 12:58:31.086178 ci-op-2fcpj5j6-f6035-2lklf-master-1 ostree[3503]: Copying /etc changes: 12 modified, 0 removed, 137 added
Oct 24 12:58:31.137028 ci-op-2fcpj5j6-f6035-2lklf-master-1 ostree[3503]: Refreshing SELinux policy
Oct 24 12:58:33.116746 ci-op-2fcpj5j6-f6035-2lklf-master-1 ostree[3503]: Refreshed SELinux policy in 1980 ms
Oct 24 12:58:33.125242 ci-op-2fcpj5j6-f6035-2lklf-master-1 ostree[3503]: Finalized deployment
Oct 24 12:58:33.229667 ci-op-2fcpj5j6-f6035-2lklf-master-1 ostree[3503]: bootfs is sufficient for calculated new size: 106.4 MB
Oct 24 12:58:34.187547 ci-op-2fcpj5j6-f6035-2lklf-master-1 ostree[3503]: Starting syncfs() for system root
Oct 24 12:58:34.197344 ci-op-2fcpj5j6-f6035-2lklf-master-1 ostree[3503]: Completed syncfs() for system root in 10 ms
Oct 24 12:58:34.197360 ci-op-2fcpj5j6-f6035-2lklf-master-1 ostree[3503]: Starting freeze/thaw cycle for system root
Oct 24 12:58:34.231401 ci-op-2fcpj5j6-f6035-2lklf-master-1 ostree[3503]: Completed freeze/thaw cycle for system root in 34 ms
Oct 24 12:58:34.234155 ci-op-2fcpj5j6-f6035-2lklf-master-1 ostree[3503]: Bootloader updated; bootconfig swap: yes; bootversion: boot.0.1, deployment count change: 1
Oct 24 12:58:34.234442 ci-op-2fcpj5j6-f6035-2lklf-master-1 ostree[3503]: Bootloader updated; bootconfig swap: yes; bootversion: boot.0.1, deployment count change: 1
Oct 24 12:58:34.234574 ci-op-2fcpj5j6-f6035-2lklf-master-1 ostree[3503]: Finished writing deployment
Oct 24 12:58:34.244388 ci-op-2fcpj5j6-f6035-2lklf-master-1 ostree[3503]: Cleanup complete
Oct 24 12:58:34.247027 ci-op-2fcpj5j6-f6035-2lklf-master-1 systemd[1]: ostree-finalize-staged.service: Deactivated successfully.
Oct 24 12:58:34.247287 ci-op-2fcpj5j6-f6035-2lklf-master-1 systemd[1]: Stopped OSTree Finalize Staged Deployment.
Oct 24 12:58:34.257110 ci-op-2fcpj5j6-f6035-2lklf-master-1 systemd[1]: ostree-finalize-staged.service: Consumed 2.566s CPU time.
Oct 24 12:59:22.701962 ci-op-2fcpj5j6-f6035-2lklf-master-0 systemd[1]: Finished OSTree Finalize Staged Deployment.
Oct 24 12:59:29.766023 ci-op-2fcpj5j6-f6035-2lklf-master-0 systemd[1]: Stopping OSTree Finalize Staged Deployment...
Oct 24 12:59:29.866839 ci-op-2fcpj5j6-f6035-2lklf-master-0 ostree[3490]: Finalizing staged deployment
Oct 24 12:59:32.668962 ci-op-2fcpj5j6-f6035-2lklf-master-0 ostree[3490]: Copying /etc changes: 12 modified, 0 removed, 137 added
Oct 24 12:59:32.669456 ci-op-2fcpj5j6-f6035-2lklf-master-0 ostree[3490]: Copying /etc changes: 12 modified, 0 removed, 137 added
Oct 24 12:59:32.726255 ci-op-2fcpj5j6-f6035-2lklf-master-0 ostree[3490]: Refreshing SELinux policy
Oct 24 12:59:34.942051 ci-op-2fcpj5j6-f6035-2lklf-master-0 ostree[3490]: Refreshed SELinux policy in 2216 ms
Oct 24 12:59:34.951058 ci-op-2fcpj5j6-f6035-2lklf-master-0 ostree[3490]: Finalized deployment
Oct 24 12:59:35.056412 ci-op-2fcpj5j6-f6035-2lklf-master-0 ostree[3490]: bootfs is sufficient for calculated new size: 106.4 MB
Oct 24 12:59:36.184141 ci-op-2fcpj5j6-f6035-2lklf-master-0 ostree[3490]: Starting syncfs() for system root
Oct 24 12:59:36.200821 ci-op-2fcpj5j6-f6035-2lklf-master-0 ostree[3490]: Completed syncfs() for system root in 16 ms
Oct 24 12:59:36.200849 ci-op-2fcpj5j6-f6035-2lklf-master-0 ostree[3490]: Starting freeze/thaw cycle for system root
Oct 24 12:59:36.237769 ci-op-2fcpj5j6-f6035-2lklf-master-0 ostree[3490]: Completed freeze/thaw cycle for system root in 36 ms
Oct 24 12:59:36.241136 ci-op-2fcpj5j6-f6035-2lklf-master-0 ostree[3490]: Bootloader updated; bootconfig swap: yes; bootversion: boot.0.1, deployment count change: 1
Oct 24 12:59:36.241437 ci-op-2fcpj5j6-f6035-2lklf-master-0 ostree[3490]: Bootloader updated; bootconfig swap: yes; bootversion: boot.0.1, deployment count change: 1
Oct 24 12:59:36.241672 ci-op-2fcpj5j6-f6035-2lklf-master-0 ostree[3490]: Finished writing deployment
Oct 24 12:59:36.254237 ci-op-2fcpj5j6-f6035-2lklf-master-0 ostree[3490]: Cleanup complete
Oct 24 12:59:36.257023 ci-op-2fcpj5j6-f6035-2lklf-master-0 systemd[1]: ostree-finalize-staged.service: Deactivated successfully.
Oct 24 12:59:36.257337 ci-op-2fcpj5j6-f6035-2lklf-master-0 systemd[1]: Stopped OSTree Finalize Staged Deployment.
Oct 24 12:59:36.269060 ci-op-2fcpj5j6-f6035-2lklf-master-0 systemd[1]: ostree-finalize-staged.service: Consumed 2.880s CPU time.
Oct 24 12:59:36.326853 ci-op-2fcpj5j6-f6035-2lklf-master-2 systemd[1]: Finished OSTree Finalize Staged Deployment.
Oct 24 12:59:43.364188 ci-op-2fcpj5j6-f6035-2lklf-master-2 systemd[1]: Stopping OSTree Finalize Staged Deployment...
Oct 24 12:59:43.453489 ci-op-2fcpj5j6-f6035-2lklf-master-2 ostree[3604]: Finalizing staged deployment
Oct 24 12:59:46.361618 ci-op-2fcpj5j6-f6035-2lklf-master-2 ostree[3604]: Copying /etc changes: 12 modified, 0 removed, 137 added
Oct 24 12:59:46.362271 ci-op-2fcpj5j6-f6035-2lklf-master-2 ostree[3604]: Copying /etc changes: 12 modified, 0 removed, 137 added
Oct 24 12:59:46.424364 ci-op-2fcpj5j6-f6035-2lklf-master-2 ostree[3604]: Refreshing SELinux policy
Oct 24 12:59:48.645364 ci-op-2fcpj5j6-f6035-2lklf-master-2 ostree[3604]: Refreshed SELinux policy in 2221 ms
Oct 24 12:59:48.653190 ci-op-2fcpj5j6-f6035-2lklf-master-2 ostree[3604]: Finalized deployment
Oct 24 12:59:48.758143 ci-op-2fcpj5j6-f6035-2lklf-master-2 ostree[3604]: bootfs is sufficient for calculated new size: 106.4 MB
Oct 24 12:59:49.958162 ci-op-2fcpj5j6-f6035-2lklf-master-2 ostree[3604]: Starting syncfs() for system root
Oct 24 12:59:49.978370 ci-op-2fcpj5j6-f6035-2lklf-master-2 ostree[3604]: Completed syncfs() for system root in 21 ms
Oct 24 12:59:49.978390 ci-op-2fcpj5j6-f6035-2lklf-master-2 ostree[3604]: Starting freeze/thaw cycle for system root
Oct 24 12:59:50.014889 ci-op-2fcpj5j6-f6035-2lklf-master-2 ostree[3604]: Completed freeze/thaw cycle for system root in 36 ms
Oct 24 12:59:50.018960 ci-op-2fcpj5j6-f6035-2lklf-master-2 ostree[3604]: Bootloader updated; bootconfig swap: yes; bootversion: boot.0.1, deployment count change: 1
Oct 24 12:59:50.019271 ci-op-2fcpj5j6-f6035-2lklf-master-2 ostree[3604]: Bootloader updated; bootconfig swap: yes; bootversion: boot.0.1, deployment count change: 1
Oct 24 12:59:50.019393 ci-op-2fcpj5j6-f6035-2lklf-master-2 ostree[3604]: Finished writing deployment
Oct 24 12:59:50.033125 ci-op-2fcpj5j6-f6035-2lklf-master-2 ostree[3604]: Cleanup complete
Oct 24 12:59:50.035797 ci-op-2fcpj5j6-f6035-2lklf-master-2 systemd[1]: ostree-finalize-staged.service: Deactivated successfully.
Oct 24 12:59:50.036107 ci-op-2fcpj5j6-f6035-2lklf-master-2 systemd[1]: Stopped OSTree Finalize Staged Deployment.
Oct 24 12:59:50.046326 ci-op-2fcpj5j6-f6035-2lklf-master-2 systemd[1]: ostree-finalize-staged.service: Consumed 2.959s CPU time.
