Oct 24 12:57:26.723514 ci-op-2fcpj5j6-f6035-2lklf-master-1 systemd[1]: Starting Open vSwitch Database Unit...
Oct 24 12:57:26.957837 ci-op-2fcpj5j6-f6035-2lklf-master-1 chown[1891]: /usr/bin/chown: cannot access '/run/openvswitch': No such file or directory
Oct 24 12:57:27.111722 ci-op-2fcpj5j6-f6035-2lklf-master-1 ovs-ctl[1917]: /etc/openvswitch/conf.db does not exist ... (warning).
Oct 24 12:57:27.139896 ci-op-2fcpj5j6-f6035-2lklf-master-1 ovs-ctl[1917]: Creating empty database /etc/openvswitch/conf.db.
Oct 24 12:57:27.163223 ci-op-2fcpj5j6-f6035-2lklf-master-1 ovs-ctl[1977]: 2024-10-24T12:57:27Z|00001|dns_resolve|WARN|Failed to read /etc/resolv.conf: No such file or directory
Oct 24 12:57:27.163197 ci-op-2fcpj5j6-f6035-2lklf-master-1 ovsdb-server[1977]: ovs|00001|dns_resolve|WARN|Failed to read /etc/resolv.conf: No such file or directory
Oct 24 12:57:27.174217 ci-op-2fcpj5j6-f6035-2lklf-master-1 ovs-ctl[1917]: Starting ovsdb-server.
Oct 24 12:57:27.178838 ci-op-2fcpj5j6-f6035-2lklf-master-1 ovs-vsctl[1985]: ovs|00001|vsctl|INFO|Called as ovs-vsctl --no-wait -- init -- set Open_vSwitch . db-version=8.7.0
Oct 24 12:57:27.273144 ci-op-2fcpj5j6-f6035-2lklf-master-1 ovs-ctl[1987]: 2024-10-24T12:57:27Z|00001|dns_resolve|WARN|Failed to read /etc/resolv.conf: No such file or directory
Oct 24 12:57:27.273133 ci-op-2fcpj5j6-f6035-2lklf-master-1 ovs-vswitchd[1987]: ovs|00001|dns_resolve|WARN|Failed to read /etc/resolv.conf: No such file or directory
Oct 24 12:57:27.297190 ci-op-2fcpj5j6-f6035-2lklf-master-1 ovs-vsctl[2001]: ovs|00001|vsctl|INFO|Called as ovs-vsctl --no-wait set Open_vSwitch . ovs-version=3.4.0-1.el9fdp "external-ids:system-id=\"0ea266e5-4375-40f8-b223-639412f2e349\"" "external-ids:rundir=\"/var/run/openvswitch\"" "system-type=\"rhcos\"" "system-version=\"4.18\""
Oct 24 12:57:27.299527 ci-op-2fcpj5j6-f6035-2lklf-master-1 ovs-ctl[1917]: Configuring Open vSwitch system IDs.
Oct 24 12:57:27.306745 ci-op-2fcpj5j6-f6035-2lklf-master-1 ovs-vsctl[2007]: ovs|00001|vsctl|INFO|Called as ovs-vsctl --no-wait add Open_vSwitch . external-ids hostname=ci-op-2fcpj5j6-f6035-2lklf-master-1
Oct 24 12:57:27.307777 ci-op-2fcpj5j6-f6035-2lklf-master-1 ovs-ctl[1917]: Enabling remote OVSDB managers.
Oct 24 12:57:27.309083 ci-op-2fcpj5j6-f6035-2lklf-master-1 systemd[1]: Started Open vSwitch Database Unit.
Oct 24 12:58:25.752950 ci-op-2fcpj5j6-f6035-2lklf-master-0 systemd[1]: Starting Open vSwitch Database Unit...
Oct 24 12:58:26.009116 ci-op-2fcpj5j6-f6035-2lklf-master-0 chown[1878]: /usr/bin/chown: cannot access '/run/openvswitch': No such file or directory
Oct 24 12:58:26.198359 ci-op-2fcpj5j6-f6035-2lklf-master-0 ovs-ctl[1899]: /etc/openvswitch/conf.db does not exist ... (warning).
Oct 24 12:58:26.256683 ci-op-2fcpj5j6-f6035-2lklf-master-0 ovs-ctl[1899]: Creating empty database /etc/openvswitch/conf.db.
Oct 24 12:58:26.298364 ci-op-2fcpj5j6-f6035-2lklf-master-0 ovs-ctl[1987]: 2024-10-24T12:58:26Z|00001|dns_resolve|WARN|Failed to read /etc/resolv.conf: No such file or directory
Oct 24 12:58:26.298280 ci-op-2fcpj5j6-f6035-2lklf-master-0 ovsdb-server[1987]: ovs|00001|dns_resolve|WARN|Failed to read /etc/resolv.conf: No such file or directory
Oct 24 12:58:26.315315 ci-op-2fcpj5j6-f6035-2lklf-master-0 ovs-ctl[1899]: Starting ovsdb-server.
Oct 24 12:58:26.322368 ci-op-2fcpj5j6-f6035-2lklf-master-0 ovs-vsctl[1992]: ovs|00001|vsctl|INFO|Called as ovs-vsctl --no-wait -- init -- set Open_vSwitch . db-version=8.7.0
Oct 24 12:58:26.452503 ci-op-2fcpj5j6-f6035-2lklf-master-0 ovs-ctl[1994]: 2024-10-24T12:58:26Z|00001|dns_resolve|WARN|Failed to read /etc/resolv.conf: No such file or directory
Oct 24 12:58:26.452484 ci-op-2fcpj5j6-f6035-2lklf-master-0 ovs-vswitchd[1994]: ovs|00001|dns_resolve|WARN|Failed to read /etc/resolv.conf: No such file or directory
Oct 24 12:58:26.482256 ci-op-2fcpj5j6-f6035-2lklf-master-0 ovs-vsctl[2008]: ovs|00001|vsctl|INFO|Called as ovs-vsctl --no-wait set Open_vSwitch . ovs-version=3.4.0-1.el9fdp "external-ids:system-id=\"7e3fc786-0823-44c4-b12c-40377bfc1950\"" "external-ids:rundir=\"/var/run/openvswitch\"" "system-type=\"rhcos\"" "system-version=\"4.18\""
Oct 24 12:58:26.484991 ci-op-2fcpj5j6-f6035-2lklf-master-0 ovs-ctl[1899]: Configuring Open vSwitch system IDs.
Oct 24 12:58:26.493531 ci-op-2fcpj5j6-f6035-2lklf-master-0 ovs-vsctl[2014]: ovs|00001|vsctl|INFO|Called as ovs-vsctl --no-wait add Open_vSwitch . external-ids hostname=ci-op-2fcpj5j6-f6035-2lklf-master-0
Oct 24 12:58:26.495652 ci-op-2fcpj5j6-f6035-2lklf-master-0 ovs-ctl[1899]: Enabling remote OVSDB managers.
Oct 24 12:58:26.496805 ci-op-2fcpj5j6-f6035-2lklf-master-0 systemd[1]: Started Open vSwitch Database Unit.
Oct 24 12:58:28.788374 ci-op-2fcpj5j6-f6035-2lklf-master-1 systemd[1]: Stopping Open vSwitch Database Unit...
Oct 24 12:58:28.815741 ci-op-2fcpj5j6-f6035-2lklf-master-1 ovs-ctl[3484]: Exiting ovsdb-server (1981).
Oct 24 12:58:28.918079 ci-op-2fcpj5j6-f6035-2lklf-master-1 systemd[1]: ovsdb-server.service: Deactivated successfully.
Oct 24 12:58:28.918299 ci-op-2fcpj5j6-f6035-2lklf-master-1 systemd[1]: Stopped Open vSwitch Database Unit.
-- Boot ab6afec3aa684f5195bc527976238087 --
Oct 24 12:58:40.072804 ci-op-2fcpj5j6-f6035-2lklf-master-2 systemd[1]: Starting Open vSwitch Database Unit...
Oct 24 12:58:40.319036 ci-op-2fcpj5j6-f6035-2lklf-master-2 chown[1991]: /usr/bin/chown: cannot access '/run/openvswitch': No such file or directory
Oct 24 12:58:40.500334 ci-op-2fcpj5j6-f6035-2lklf-master-2 ovs-ctl[2001]: /etc/openvswitch/conf.db does not exist ... (warning).
Oct 24 12:58:40.530222 ci-op-2fcpj5j6-f6035-2lklf-master-2 ovs-ctl[2001]: Creating empty database /etc/openvswitch/conf.db.
Oct 24 12:58:40.559261 ci-op-2fcpj5j6-f6035-2lklf-master-2 ovs-ctl[2075]: 2024-10-24T12:58:40Z|00001|dns_resolve|WARN|Failed to read /etc/resolv.conf: No such file or directory
Oct 24 12:58:40.559238 ci-op-2fcpj5j6-f6035-2lklf-master-2 ovsdb-server[2075]: ovs|00001|dns_resolve|WARN|Failed to read /etc/resolv.conf: No such file or directory
Oct 24 12:58:40.573959 ci-op-2fcpj5j6-f6035-2lklf-master-2 ovs-ctl[2001]: Starting ovsdb-server.
Oct 24 12:58:40.579509 ci-op-2fcpj5j6-f6035-2lklf-master-2 ovs-vsctl[2082]: ovs|00001|vsctl|INFO|Called as ovs-vsctl --no-wait -- init -- set Open_vSwitch . db-version=8.7.0
Oct 24 12:58:40.714218 ci-op-2fcpj5j6-f6035-2lklf-master-2 ovs-ctl[2085]: 2024-10-24T12:58:40Z|00001|dns_resolve|WARN|Failed to read /etc/resolv.conf: No such file or directory
Oct 24 12:58:40.714111 ci-op-2fcpj5j6-f6035-2lklf-master-2 ovs-vswitchd[2085]: ovs|00001|dns_resolve|WARN|Failed to read /etc/resolv.conf: No such file or directory
Oct 24 12:58:40.740374 ci-op-2fcpj5j6-f6035-2lklf-master-2 ovs-vsctl[2099]: ovs|00001|vsctl|INFO|Called as ovs-vsctl --no-wait set Open_vSwitch . ovs-version=3.4.0-1.el9fdp "external-ids:system-id=\"3bdd8efc-73a1-4d00-8706-2b31c490cfa7\"" "external-ids:rundir=\"/var/run/openvswitch\"" "system-type=\"rhcos\"" "system-version=\"4.18\""
Oct 24 12:58:40.743300 ci-op-2fcpj5j6-f6035-2lklf-master-2 ovs-ctl[2001]: Configuring Open vSwitch system IDs.
Oct 24 12:58:40.750735 ci-op-2fcpj5j6-f6035-2lklf-master-2 ovs-vsctl[2105]: ovs|00001|vsctl|INFO|Called as ovs-vsctl --no-wait add Open_vSwitch . external-ids hostname=ci-op-2fcpj5j6-f6035-2lklf-master-2
Oct 24 12:58:40.751428 ci-op-2fcpj5j6-f6035-2lklf-master-2 ovs-ctl[2001]: Enabling remote OVSDB managers.
Oct 24 12:58:40.752704 ci-op-2fcpj5j6-f6035-2lklf-master-2 systemd[1]: Started Open vSwitch Database Unit.
Oct 24 12:58:59.316824 ci-op-2fcpj5j6-f6035-2lklf-master-1 systemd[1]: Starting Open vSwitch Database Unit...
Oct 24 12:58:59.481855 ci-op-2fcpj5j6-f6035-2lklf-master-1 chown[992]: /usr/bin/chown: cannot access '/run/openvswitch': No such file or directory
Oct 24 12:58:59.704234 ci-op-2fcpj5j6-f6035-2lklf-master-1 ovs-ctl[1013]: Starting ovsdb-server.
Oct 24 12:58:59.710254 ci-op-2fcpj5j6-f6035-2lklf-master-1 ovs-vsctl[1080]: ovs|00001|vsctl|INFO|Called as ovs-vsctl --no-wait -- init -- set Open_vSwitch . db-version=8.7.0
Oct 24 12:58:59.813699 ci-op-2fcpj5j6-f6035-2lklf-master-1 ovs-vsctl[1090]: ovs|00001|vsctl|INFO|Called as ovs-vsctl --no-wait set Open_vSwitch . ovs-version=3.4.0-1.el9fdp "external-ids:system-id=\"0ea266e5-4375-40f8-b223-639412f2e349\"" "external-ids:rundir=\"/var/run/openvswitch\"" "system-type=\"rhcos\"" "system-version=\"4.18\""
Oct 24 12:58:59.816640 ci-op-2fcpj5j6-f6035-2lklf-master-1 ovs-ctl[1013]: Configuring Open vSwitch system IDs.
Oct 24 12:58:59.824255 ci-op-2fcpj5j6-f6035-2lklf-master-1 ovs-vsctl[1096]: ovs|00001|vsctl|INFO|Called as ovs-vsctl --no-wait add Open_vSwitch . external-ids hostname=ci-op-2fcpj5j6-f6035-2lklf-master-1
Oct 24 12:58:59.825778 ci-op-2fcpj5j6-f6035-2lklf-master-1 ovs-ctl[1013]: Enabling remote OVSDB managers.
Oct 24 12:58:59.826850 ci-op-2fcpj5j6-f6035-2lklf-master-1 systemd[1]: Started Open vSwitch Database Unit.
Oct 24 12:59:29.528312 ci-op-2fcpj5j6-f6035-2lklf-master-0 systemd[1]: Stopping Open vSwitch Database Unit...
Oct 24 12:59:29.557813 ci-op-2fcpj5j6-f6035-2lklf-master-0 ovs-ctl[3471]: Exiting ovsdb-server (1991).
Oct 24 12:59:29.660212 ci-op-2fcpj5j6-f6035-2lklf-master-0 systemd[1]: ovsdb-server.service: Deactivated successfully.
Oct 24 12:59:29.660489 ci-op-2fcpj5j6-f6035-2lklf-master-0 systemd[1]: Stopped Open vSwitch Database Unit.
-- Boot 818b54fbeb8f48af935307bb3facd639 --
Oct 24 12:59:43.135490 ci-op-2fcpj5j6-f6035-2lklf-master-2 systemd[1]: Stopping Open vSwitch Database Unit...
Oct 24 12:59:43.163833 ci-op-2fcpj5j6-f6035-2lklf-master-2 ovs-ctl[3585]: Exiting ovsdb-server (2079).
Oct 24 12:59:43.266328 ci-op-2fcpj5j6-f6035-2lklf-master-2 systemd[1]: ovsdb-server.service: Deactivated successfully.
Oct 24 12:59:43.266553 ci-op-2fcpj5j6-f6035-2lklf-master-2 systemd[1]: Stopped Open vSwitch Database Unit.
-- Boot 214824bf88694392aa2a891b18ceb619 --
Oct 24 13:00:01.574093 ci-op-2fcpj5j6-f6035-2lklf-master-0 systemd[1]: Starting Open vSwitch Database Unit...
Oct 24 13:00:01.684326 ci-op-2fcpj5j6-f6035-2lklf-master-0 chown[994]: /usr/bin/chown: cannot access '/run/openvswitch': No such file or directory
Oct 24 13:00:01.882622 ci-op-2fcpj5j6-f6035-2lklf-master-0 ovs-ctl[1009]: Starting ovsdb-server.
Oct 24 13:00:01.888974 ci-op-2fcpj5j6-f6035-2lklf-master-0 ovs-vsctl[1073]: ovs|00001|vsctl|INFO|Called as ovs-vsctl --no-wait -- init -- set Open_vSwitch . db-version=8.7.0
Oct 24 13:00:02.017426 ci-op-2fcpj5j6-f6035-2lklf-master-0 ovs-vsctl[1100]: ovs|00001|vsctl|INFO|Called as ovs-vsctl --no-wait set Open_vSwitch . ovs-version=3.4.0-1.el9fdp "external-ids:system-id=\"7e3fc786-0823-44c4-b12c-40377bfc1950\"" "external-ids:rundir=\"/var/run/openvswitch\"" "system-type=\"rhcos\"" "system-version=\"4.18\""
Oct 24 13:00:02.020265 ci-op-2fcpj5j6-f6035-2lklf-master-0 ovs-ctl[1009]: Configuring Open vSwitch system IDs.
Oct 24 13:00:02.029269 ci-op-2fcpj5j6-f6035-2lklf-master-0 ovs-vsctl[1106]: ovs|00001|vsctl|INFO|Called as ovs-vsctl --no-wait add Open_vSwitch . external-ids hostname=ci-op-2fcpj5j6-f6035-2lklf-master-0
Oct 24 13:00:02.030853 ci-op-2fcpj5j6-f6035-2lklf-master-0 ovs-ctl[1009]: Enabling remote OVSDB managers.
Oct 24 13:00:02.031982 ci-op-2fcpj5j6-f6035-2lklf-master-0 systemd[1]: Started Open vSwitch Database Unit.
Oct 24 13:00:17.446232 ci-op-2fcpj5j6-f6035-2lklf-master-2 systemd[1]: Starting Open vSwitch Database Unit...
Oct 24 13:00:17.565145 ci-op-2fcpj5j6-f6035-2lklf-master-2 chown[986]: /usr/bin/chown: cannot access '/run/openvswitch': No such file or directory
Oct 24 13:00:17.772314 ci-op-2fcpj5j6-f6035-2lklf-master-2 ovs-ctl[1009]: Starting ovsdb-server.
Oct 24 13:00:17.778327 ci-op-2fcpj5j6-f6035-2lklf-master-2 ovs-vsctl[1066]: ovs|00001|vsctl|INFO|Called as ovs-vsctl --no-wait -- init -- set Open_vSwitch . db-version=8.7.0
Oct 24 13:00:17.910696 ci-op-2fcpj5j6-f6035-2lklf-master-2 ovs-vsctl[1094]: ovs|00001|vsctl|INFO|Called as ovs-vsctl --no-wait set Open_vSwitch . ovs-version=3.4.0-1.el9fdp "external-ids:system-id=\"3bdd8efc-73a1-4d00-8706-2b31c490cfa7\"" "external-ids:rundir=\"/var/run/openvswitch\"" "system-type=\"rhcos\"" "system-version=\"4.18\""
Oct 24 13:00:17.913306 ci-op-2fcpj5j6-f6035-2lklf-master-2 ovs-ctl[1009]: Configuring Open vSwitch system IDs.
Oct 24 13:00:17.922074 ci-op-2fcpj5j6-f6035-2lklf-master-2 ovs-vsctl[1100]: ovs|00001|vsctl|INFO|Called as ovs-vsctl --no-wait add Open_vSwitch . external-ids hostname=ci-op-2fcpj5j6-f6035-2lklf-master-2
Oct 24 13:00:17.923232 ci-op-2fcpj5j6-f6035-2lklf-master-2 ovs-ctl[1009]: Enabling remote OVSDB managers.
Oct 24 13:00:17.924322 ci-op-2fcpj5j6-f6035-2lklf-master-2 systemd[1]: Started Open vSwitch Database Unit.
