Oct 24 12:57:37.199292 ci-op-2fcpj5j6-f6035-2lklf-master-1 systemd[1]: Starting rpm-ostree System Management Daemon...
Oct 24 12:57:37.224239 ci-op-2fcpj5j6-f6035-2lklf-master-1 rpm-ostree[2575]: Reading config file '/etc/rpm-ostreed.conf'
Oct 24 12:57:37.241474 ci-op-2fcpj5j6-f6035-2lklf-master-1 rpm-ostree[2575]: In idle state; will auto-exit in 62 seconds
Oct 24 12:57:37.241711 ci-op-2fcpj5j6-f6035-2lklf-master-1 systemd[1]: Started rpm-ostree System Management Daemon.
Oct 24 12:57:37.245545 ci-op-2fcpj5j6-f6035-2lklf-master-1 rpm-ostree[2575]: client(id:cli dbus:1.24 unit:libpod-79746e9c5bff393fe981461a3b855706f3f5d229a3d273e2140f6df0eae6eefa.scope uid:0) added; new total=1
Oct 24 12:57:37.251242 ci-op-2fcpj5j6-f6035-2lklf-master-1 rpm-ostree[2575]: client(id:cli dbus:1.24 unit:libpod-79746e9c5bff393fe981461a3b855706f3f5d229a3d273e2140f6df0eae6eefa.scope uid:0) vanished; remaining=0
Oct 24 12:57:37.251263 ci-op-2fcpj5j6-f6035-2lklf-master-1 rpm-ostree[2575]: In idle state; will auto-exit in 64 seconds
Oct 24 12:57:37.294087 ci-op-2fcpj5j6-f6035-2lklf-master-1 rpm-ostree[2575]: client(id:cli dbus:1.25 unit:libpod-79746e9c5bff393fe981461a3b855706f3f5d229a3d273e2140f6df0eae6eefa.scope uid:0) added; new total=1
Oct 24 12:57:37.300179 ci-op-2fcpj5j6-f6035-2lklf-master-1 rpm-ostree[2575]: client(id:cli dbus:1.25 unit:libpod-79746e9c5bff393fe981461a3b855706f3f5d229a3d273e2140f6df0eae6eefa.scope uid:0) vanished; remaining=0
Oct 24 12:57:37.300201 ci-op-2fcpj5j6-f6035-2lklf-master-1 rpm-ostree[2575]: In idle state; will auto-exit in 61 seconds
Oct 24 12:57:53.768773 ci-op-2fcpj5j6-f6035-2lklf-master-1 rpm-ostree[2575]: client(id:cli dbus:1.26 unit:libpod-79746e9c5bff393fe981461a3b855706f3f5d229a3d273e2140f6df0eae6eefa.scope uid:0) added; new total=1
Oct 24 12:57:53.773718 ci-op-2fcpj5j6-f6035-2lklf-master-1 rpm-ostree[2575]: Loaded sysroot
Oct 24 12:57:53.799559 ci-op-2fcpj5j6-f6035-2lklf-master-1 rpm-ostree[2575]: Locked sysroot
Oct 24 12:57:53.799662 ci-op-2fcpj5j6-f6035-2lklf-master-1 rpm-ostree[2575]: Initiated txn Cleanup for client(id:cli dbus:1.26 unit:libpod-79746e9c5bff393fe981461a3b855706f3f5d229a3d273e2140f6df0eae6eefa.scope uid:0): /org/projectatomic/rpmostree1/rhcos
Oct 24 12:57:53.808981 ci-op-2fcpj5j6-f6035-2lklf-master-1 rpm-ostree[2575]: Process [pid: 2962 uid: 0 unit: libpod-79746e9c5bff393fe981461a3b855706f3f5d229a3d273e2140f6df0eae6eefa.scope] connected to transaction progress
Oct 24 12:57:53.809616 ci-op-2fcpj5j6-f6035-2lklf-master-1 rpm-ostree[2575]: Txn Cleanup on /org/projectatomic/rpmostree1/rhcos successful
Oct 24 12:57:53.810197 ci-op-2fcpj5j6-f6035-2lklf-master-1 rpm-ostree[2575]: Unlocked sysroot
Oct 24 12:57:53.810499 ci-op-2fcpj5j6-f6035-2lklf-master-1 rpm-ostree[2575]: Process [pid: 2962 uid: 0 unit: libpod-79746e9c5bff393fe981461a3b855706f3f5d229a3d273e2140f6df0eae6eefa.scope] disconnected from transaction progress
Oct 24 12:57:53.812483 ci-op-2fcpj5j6-f6035-2lklf-master-1 rpm-ostree[2575]: client(id:cli dbus:1.26 unit:libpod-79746e9c5bff393fe981461a3b855706f3f5d229a3d273e2140f6df0eae6eefa.scope uid:0) vanished; remaining=0
Oct 24 12:57:53.812509 ci-op-2fcpj5j6-f6035-2lklf-master-1 rpm-ostree[2575]: In idle state; will auto-exit in 63 seconds
Oct 24 12:57:53.838988 ci-op-2fcpj5j6-f6035-2lklf-master-1 rpm-ostree[2575]: client(id:cli dbus:1.27 unit:libpod-79746e9c5bff393fe981461a3b855706f3f5d229a3d273e2140f6df0eae6eefa.scope uid:0) added; new total=1
Oct 24 12:57:53.844071 ci-op-2fcpj5j6-f6035-2lklf-master-1 rpm-ostree[2575]: client(id:cli dbus:1.27 unit:libpod-79746e9c5bff393fe981461a3b855706f3f5d229a3d273e2140f6df0eae6eefa.scope uid:0) vanished; remaining=0
Oct 24 12:57:53.844093 ci-op-2fcpj5j6-f6035-2lklf-master-1 rpm-ostree[2575]: In idle state; will auto-exit in 60 seconds
Oct 24 12:57:53.890099 ci-op-2fcpj5j6-f6035-2lklf-master-1 rpm-ostree[2575]: client(id:cli dbus:1.28 unit:libpod-79746e9c5bff393fe981461a3b855706f3f5d229a3d273e2140f6df0eae6eefa.scope uid:0) added; new total=1
Oct 24 12:57:53.896461 ci-op-2fcpj5j6-f6035-2lklf-master-1 rpm-ostree[2575]: Loaded sysroot
Oct 24 12:57:53.896552 ci-op-2fcpj5j6-f6035-2lklf-master-1 rpm-ostree[2575]: Locked sysroot
Oct 24 12:57:53.896593 ci-op-2fcpj5j6-f6035-2lklf-master-1 rpm-ostree[2575]: Initiated txn Rebase for client(id:cli dbus:1.28 unit:libpod-79746e9c5bff393fe981461a3b855706f3f5d229a3d273e2140f6df0eae6eefa.scope uid:0): /org/projectatomic/rpmostree1/rhcos
Oct 24 12:57:53.899344 ci-op-2fcpj5j6-f6035-2lklf-master-1 rpm-ostree[2575]: Process [pid: 2977 uid: 0 unit: libpod-79746e9c5bff393fe981461a3b855706f3f5d229a3d273e2140f6df0eae6eefa.scope] connected to transaction progress
Oct 24 12:57:54.052427 ci-op-2fcpj5j6-f6035-2lklf-master-1 rpm-ostree[2575]: Fetching ostree-unverified-registry:registry.build02.ci.openshift.org/ci-op-2fcpj5j6/stable@sha256:0943a4e3eb4b3c1cb77764182381d3ed03c0ff8d5f1992722081c06828915232
Oct 24 12:57:54.862567 ci-op-2fcpj5j6-f6035-2lklf-master-1 rpm-ostree[2575]: layers already present: 22; layers needed: 29 (551.5 MB)
Oct 24 12:57:54.864093 ci-op-2fcpj5j6-f6035-2lklf-master-1 rpm-ostree[2575]: Fetching ostree chunk sha256:bec1935899d1 (70.2 MB)
Oct 24 12:57:57.297410 ci-op-2fcpj5j6-f6035-2lklf-master-1 rpm-ostree[2575]: Fetched ostree chunk sha256:bec1935899d1
Oct 24 12:57:57.297410 ci-op-2fcpj5j6-f6035-2lklf-master-1 rpm-ostree[2575]: Fetching ostree chunk sha256:6832cc568864 (23.2 MB)
Oct 24 12:57:58.151127 ci-op-2fcpj5j6-f6035-2lklf-master-1 rpm-ostree[2575]: Fetched ostree chunk sha256:6832cc568864
Oct 24 12:57:58.151127 ci-op-2fcpj5j6-f6035-2lklf-master-1 rpm-ostree[2575]: Fetching ostree chunk sha256:57d9f8757bf3 (24.7 MB)
Oct 24 12:57:58.990996 ci-op-2fcpj5j6-f6035-2lklf-master-1 rpm-ostree[2575]: Fetched ostree chunk sha256:57d9f8757bf3
Oct 24 12:57:58.990996 ci-op-2fcpj5j6-f6035-2lklf-master-1 rpm-ostree[2575]: Fetching ostree chunk sha256:49091e98027e (26.7 MB)
Oct 24 12:58:00.087012 ci-op-2fcpj5j6-f6035-2lklf-master-1 rpm-ostree[2575]: Fetched ostree chunk sha256:49091e98027e
Oct 24 12:58:00.087012 ci-op-2fcpj5j6-f6035-2lklf-master-1 rpm-ostree[2575]: Fetching ostree chunk sha256:9e1eabff5d25 (20.7 MB)
Oct 24 12:58:00.796893 ci-op-2fcpj5j6-f6035-2lklf-master-1 rpm-ostree[2575]: Fetched ostree chunk sha256:9e1eabff5d25
Oct 24 12:58:00.796893 ci-op-2fcpj5j6-f6035-2lklf-master-1 rpm-ostree[2575]: Fetching ostree chunk sha256:2eb137921445 (22.5 MB)
Oct 24 12:58:01.772540 ci-op-2fcpj5j6-f6035-2lklf-master-1 rpm-ostree[2575]: Fetched ostree chunk sha256:2eb137921445
Oct 24 12:58:01.772540 ci-op-2fcpj5j6-f6035-2lklf-master-1 rpm-ostree[2575]: Fetching ostree chunk sha256:a0c6fee285ee (34.5 MB)
Oct 24 12:58:03.029659 ci-op-2fcpj5j6-f6035-2lklf-master-1 rpm-ostree[2575]: Fetched ostree chunk sha256:a0c6fee285ee
Oct 24 12:58:03.029659 ci-op-2fcpj5j6-f6035-2lklf-master-1 rpm-ostree[2575]: Fetching ostree chunk sha256:b32452ab309b (13.0 MB)
Oct 24 12:58:03.524368 ci-op-2fcpj5j6-f6035-2lklf-master-1 rpm-ostree[2575]: Fetched ostree chunk sha256:b32452ab309b
Oct 24 12:58:03.524368 ci-op-2fcpj5j6-f6035-2lklf-master-1 rpm-ostree[2575]: Fetching ostree chunk sha256:6f7fa51b9765 (28.8 MB)
Oct 24 12:58:04.371521 ci-op-2fcpj5j6-f6035-2lklf-master-1 rpm-ostree[2575]: Fetched ostree chunk sha256:6f7fa51b9765
Oct 24 12:58:04.371521 ci-op-2fcpj5j6-f6035-2lklf-master-1 rpm-ostree[2575]: Fetching ostree chunk sha256:83649e7ddccf (10.5 MB)
Oct 24 12:58:04.778398 ci-op-2fcpj5j6-f6035-2lklf-master-1 rpm-ostree[2575]: Fetched ostree chunk sha256:83649e7ddccf
Oct 24 12:58:04.778398 ci-op-2fcpj5j6-f6035-2lklf-master-1 rpm-ostree[2575]: Fetching ostree chunk sha256:0a599613d6c3 (11.3 MB)
Oct 24 12:58:05.197606 ci-op-2fcpj5j6-f6035-2lklf-master-1 rpm-ostree[2575]: Fetched ostree chunk sha256:0a599613d6c3
Oct 24 12:58:05.197606 ci-op-2fcpj5j6-f6035-2lklf-master-1 rpm-ostree[2575]: Fetching ostree chunk sha256:1f766f720f9a (6.7 MB)
Oct 24 12:58:05.519025 ci-op-2fcpj5j6-f6035-2lklf-master-1 rpm-ostree[2575]: Fetched ostree chunk sha256:1f766f720f9a
Oct 24 12:58:05.519025 ci-op-2fcpj5j6-f6035-2lklf-master-1 rpm-ostree[2575]: Fetching ostree chunk sha256:25b4ac98ee64 (15.3 MB)
Oct 24 12:58:06.010398 ci-op-2fcpj5j6-f6035-2lklf-master-1 rpm-ostree[2575]: Fetched ostree chunk sha256:25b4ac98ee64
Oct 24 12:58:06.010398 ci-op-2fcpj5j6-f6035-2lklf-master-1 rpm-ostree[2575]: Fetching ostree chunk sha256:5d95a68a57f9 (4.4 MB)
Oct 24 12:58:06.390884 ci-op-2fcpj5j6-f6035-2lklf-master-1 rpm-ostree[2575]: Fetched ostree chunk sha256:5d95a68a57f9
Oct 24 12:58:06.390884 ci-op-2fcpj5j6-f6035-2lklf-master-1 rpm-ostree[2575]: Fetching ostree chunk sha256:abd193677078 (3.4 MB)
Oct 24 12:58:06.948446 ci-op-2fcpj5j6-f6035-2lklf-master-1 rpm-ostree[2575]: Fetched ostree chunk sha256:abd193677078
Oct 24 12:58:06.948446 ci-op-2fcpj5j6-f6035-2lklf-master-1 rpm-ostree[2575]: Fetching ostree chunk sha256:d133d0ac559e (1.5 MB)
Oct 24 12:58:07.643807 ci-op-2fcpj5j6-f6035-2lklf-master-1 rpm-ostree[2575]: Fetched ostree chunk sha256:d133d0ac559e
Oct 24 12:58:07.643807 ci-op-2fcpj5j6-f6035-2lklf-master-1 rpm-ostree[2575]: Fetching ostree chunk sha256:bcdf1d3e379d (14.4 MB)
Oct 24 12:58:08.579344 ci-op-2fcpj5j6-f6035-2lklf-master-1 rpm-ostree[2575]: Fetched ostree chunk sha256:bcdf1d3e379d
Oct 24 12:58:08.579344 ci-op-2fcpj5j6-f6035-2lklf-master-1 rpm-ostree[2575]: Fetching ostree chunk sha256:af8a91931ff4 (3.9 MB)
Oct 24 12:58:08.790078 ci-op-2fcpj5j6-f6035-2lklf-master-1 rpm-ostree[2575]: Fetched ostree chunk sha256:af8a91931ff4
Oct 24 12:58:08.790078 ci-op-2fcpj5j6-f6035-2lklf-master-1 rpm-ostree[2575]: Fetching ostree chunk sha256:b53a9c68e4ed (2.8 MB)
Oct 24 12:58:09.051340 ci-op-2fcpj5j6-f6035-2lklf-master-1 rpm-ostree[2575]: Fetched ostree chunk sha256:b53a9c68e4ed
Oct 24 12:58:09.051340 ci-op-2fcpj5j6-f6035-2lklf-master-1 rpm-ostree[2575]: Fetching ostree chunk sha256:c0d4e5d72575 (1.8 MB)
Oct 24 12:58:09.249161 ci-op-2fcpj5j6-f6035-2lklf-master-1 rpm-ostree[2575]: Fetched ostree chunk sha256:c0d4e5d72575
Oct 24 12:58:09.249408 ci-op-2fcpj5j6-f6035-2lklf-master-1 rpm-ostree[2575]: Fetching ostree chunk sha256:6006bb5b33c1 (1.4 MB)
Oct 24 12:58:09.426908 ci-op-2fcpj5j6-f6035-2lklf-master-1 rpm-ostree[2575]: Fetched ostree chunk sha256:6006bb5b33c1
Oct 24 12:58:09.426908 ci-op-2fcpj5j6-f6035-2lklf-master-1 rpm-ostree[2575]: Fetching ostree chunk sha256:6c9c74038afd (21.3 MB)
Oct 24 12:58:09.987317 ci-op-2fcpj5j6-f6035-2lklf-master-1 rpm-ostree[2575]: Fetched ostree chunk sha256:6c9c74038afd
Oct 24 12:58:09.987317 ci-op-2fcpj5j6-f6035-2lklf-master-1 rpm-ostree[2575]: Fetching ostree chunk sha256:30cb49763f43 (3.7 MB)
Oct 24 12:58:10.657346 ci-op-2fcpj5j6-f6035-2lklf-master-1 rpm-ostree[2575]: Fetched ostree chunk sha256:30cb49763f43
Oct 24 12:58:10.657346 ci-op-2fcpj5j6-f6035-2lklf-master-1 rpm-ostree[2575]: Fetching ostree chunk sha256:5dcfd032af3f (10.4 MB)
Oct 24 12:58:11.050788 ci-op-2fcpj5j6-f6035-2lklf-master-1 rpm-ostree[2575]: Fetched ostree chunk sha256:5dcfd032af3f
Oct 24 12:58:11.050788 ci-op-2fcpj5j6-f6035-2lklf-master-1 rpm-ostree[2575]: Fetching ostree chunk sha256:b2f2fc9904d4 (6.3 MB)
Oct 24 12:58:11.341318 ci-op-2fcpj5j6-f6035-2lklf-master-1 rpm-ostree[2575]: Fetched ostree chunk sha256:b2f2fc9904d4
Oct 24 12:58:11.341318 ci-op-2fcpj5j6-f6035-2lklf-master-1 rpm-ostree[2575]: Fetching ostree chunk sha256:d9b7fdaa352e (4.0 MB)
Oct 24 12:58:11.587362 ci-op-2fcpj5j6-f6035-2lklf-master-1 rpm-ostree[2575]: Fetched ostree chunk sha256:d9b7fdaa352e
Oct 24 12:58:11.587362 ci-op-2fcpj5j6-f6035-2lklf-master-1 rpm-ostree[2575]: Fetching ostree chunk sha256:696fc90ec20b (38.0 MB)
Oct 24 12:58:12.570113 ci-op-2fcpj5j6-f6035-2lklf-master-1 rpm-ostree[2575]: Fetched ostree chunk sha256:696fc90ec20b
Oct 24 12:58:12.570113 ci-op-2fcpj5j6-f6035-2lklf-master-1 rpm-ostree[2575]: Fetching ostree chunk sha256:444169e83b43 (124.3 MB)
Oct 24 12:58:15.530767 ci-op-2fcpj5j6-f6035-2lklf-master-1 rpm-ostree[2575]: Fetched ostree chunk sha256:444169e83b43
Oct 24 12:58:15.530767 ci-op-2fcpj5j6-f6035-2lklf-master-1 rpm-ostree[2575]: Fetching ostree chunk sha256:63635bc2f4d5 (1.7 MB)
Oct 24 12:58:16.029885 ci-op-2fcpj5j6-f6035-2lklf-master-1 rpm-ostree[2575]: Fetched ostree chunk sha256:63635bc2f4d5
Oct 24 12:58:22.548775 ci-op-2fcpj5j6-f6035-2lklf-master-1 rpm-ostree[2575]: Created new deployment /ostree/deploy/rhcos/deploy/0e9ea25a3b322b8f8e3ad529bf33deb9a8cab20ac7ec96253cc5803bea0bb2c9.0
Oct 24 12:58:22.561267 ci-op-2fcpj5j6-f6035-2lklf-master-1 rpm-ostree[2575]: sanitycheck(/usr/bin/true) successful
Oct 24 12:58:23.683687 ci-op-2fcpj5j6-f6035-2lklf-master-1 rpm-ostree[2575]: Txn Rebase on /org/projectatomic/rpmostree1/rhcos successful
Oct 24 12:58:23.685826 ci-op-2fcpj5j6-f6035-2lklf-master-1 rpm-ostree[2575]: Unlocked sysroot
Oct 24 12:58:23.686539 ci-op-2fcpj5j6-f6035-2lklf-master-1 rpm-ostree[2575]: Process [pid: 2977 uid: 0 unit: libpod-79746e9c5bff393fe981461a3b855706f3f5d229a3d273e2140f6df0eae6eefa.scope] disconnected from transaction progress
Oct 24 12:58:24.157769 ci-op-2fcpj5j6-f6035-2lklf-master-1 rpm-ostree[2575]: client(id:cli dbus:1.28 unit:libpod-79746e9c5bff393fe981461a3b855706f3f5d229a3d273e2140f6df0eae6eefa.scope uid:0) vanished; remaining=0
Oct 24 12:58:24.157790 ci-op-2fcpj5j6-f6035-2lklf-master-1 rpm-ostree[2575]: In idle state; will auto-exit in 61 seconds
Oct 24 12:58:24.191507 ci-op-2fcpj5j6-f6035-2lklf-master-1 rpm-ostree[2575]: client(id:cli dbus:1.29 unit:libpod-79746e9c5bff393fe981461a3b855706f3f5d229a3d273e2140f6df0eae6eefa.scope uid:0) added; new total=1
Oct 24 12:58:24.201439 ci-op-2fcpj5j6-f6035-2lklf-master-1 rpm-ostree[2575]: Loaded sysroot
Oct 24 12:58:24.201546 ci-op-2fcpj5j6-f6035-2lklf-master-1 rpm-ostree[2575]: Locked sysroot
Oct 24 12:58:24.201612 ci-op-2fcpj5j6-f6035-2lklf-master-1 rpm-ostree[2575]: Initiated txn KernelArgs for client(id:cli dbus:1.29 unit:libpod-79746e9c5bff393fe981461a3b855706f3f5d229a3d273e2140f6df0eae6eefa.scope uid:0): /org/projectatomic/rpmostree1/rhcos
Oct 24 12:58:24.205275 ci-op-2fcpj5j6-f6035-2lklf-master-1 rpm-ostree[2575]: Process [pid: 3341 uid: 0 unit: libpod-79746e9c5bff393fe981461a3b855706f3f5d229a3d273e2140f6df0eae6eefa.scope] connected to transaction progress
Oct 24 12:58:26.853082 ci-op-2fcpj5j6-f6035-2lklf-master-1 rpm-ostree[2575]: Created new deployment /ostree/deploy/rhcos/deploy/0e9ea25a3b322b8f8e3ad529bf33deb9a8cab20ac7ec96253cc5803bea0bb2c9.1
Oct 24 12:58:26.865374 ci-op-2fcpj5j6-f6035-2lklf-master-1 rpm-ostree[2575]: sanitycheck(/usr/bin/true) successful
Oct 24 12:58:27.655324 ci-op-2fcpj5j6-f6035-2lklf-master-1 rpm-ostree[2575]: Txn KernelArgs on /org/projectatomic/rpmostree1/rhcos successful
Oct 24 12:58:27.657188 ci-op-2fcpj5j6-f6035-2lklf-master-1 rpm-ostree[2575]: Unlocked sysroot
Oct 24 12:58:27.657902 ci-op-2fcpj5j6-f6035-2lklf-master-1 rpm-ostree[2575]: Process [pid: 3341 uid: 0 unit: libpod-79746e9c5bff393fe981461a3b855706f3f5d229a3d273e2140f6df0eae6eefa.scope] disconnected from transaction progress
Oct 24 12:58:27.934670 ci-op-2fcpj5j6-f6035-2lklf-master-1 rpm-ostree[2575]: client(id:cli dbus:1.29 unit:libpod-79746e9c5bff393fe981461a3b855706f3f5d229a3d273e2140f6df0eae6eefa.scope uid:0) vanished; remaining=0
Oct 24 12:58:27.934692 ci-op-2fcpj5j6-f6035-2lklf-master-1 rpm-ostree[2575]: In idle state; will auto-exit in 60 seconds
Oct 24 12:58:28.246135 ci-op-2fcpj5j6-f6035-2lklf-master-1 systemd[1]: Stopping rpm-ostree System Management Daemon...
Oct 24 12:58:28.360415 ci-op-2fcpj5j6-f6035-2lklf-master-1 systemd[1]: rpm-ostreed.service: Deactivated successfully.
Oct 24 12:58:28.360633 ci-op-2fcpj5j6-f6035-2lklf-master-1 systemd[1]: Stopped rpm-ostree System Management Daemon.
Oct 24 12:58:28.369005 ci-op-2fcpj5j6-f6035-2lklf-master-1 systemd[1]: rpm-ostreed.service: Consumed 19.317s CPU time.
-- Boot ab6afec3aa684f5195bc527976238087 --
Oct 24 12:58:38.669408 ci-op-2fcpj5j6-f6035-2lklf-master-0 systemd[1]: Starting rpm-ostree System Management Daemon...
Oct 24 12:58:38.695382 ci-op-2fcpj5j6-f6035-2lklf-master-0 rpm-ostree[2618]: Reading config file '/etc/rpm-ostreed.conf'
Oct 24 12:58:38.737923 ci-op-2fcpj5j6-f6035-2lklf-master-0 rpm-ostree[2618]: In idle state; will auto-exit in 62 seconds
Oct 24 12:58:38.738086 ci-op-2fcpj5j6-f6035-2lklf-master-0 systemd[1]: Started rpm-ostree System Management Daemon.
Oct 24 12:58:38.743406 ci-op-2fcpj5j6-f6035-2lklf-master-0 rpm-ostree[2618]: client(id:cli dbus:1.24 unit:libpod-2f333c160cfe7a9fd63930eba78f761209d6297481d13ddc82b24c0dfced20a4.scope uid:0) added; new total=1
Oct 24 12:58:38.750815 ci-op-2fcpj5j6-f6035-2lklf-master-0 rpm-ostree[2618]: client(id:cli dbus:1.24 unit:libpod-2f333c160cfe7a9fd63930eba78f761209d6297481d13ddc82b24c0dfced20a4.scope uid:0) vanished; remaining=0
Oct 24 12:58:38.750842 ci-op-2fcpj5j6-f6035-2lklf-master-0 rpm-ostree[2618]: In idle state; will auto-exit in 61 seconds
Oct 24 12:58:38.804265 ci-op-2fcpj5j6-f6035-2lklf-master-0 rpm-ostree[2618]: client(id:cli dbus:1.25 unit:libpod-2f333c160cfe7a9fd63930eba78f761209d6297481d13ddc82b24c0dfced20a4.scope uid:0) added; new total=1
Oct 24 12:58:38.814576 ci-op-2fcpj5j6-f6035-2lklf-master-0 rpm-ostree[2618]: client(id:cli dbus:1.25 unit:libpod-2f333c160cfe7a9fd63930eba78f761209d6297481d13ddc82b24c0dfced20a4.scope uid:0) vanished; remaining=0
Oct 24 12:58:38.814608 ci-op-2fcpj5j6-f6035-2lklf-master-0 rpm-ostree[2618]: In idle state; will auto-exit in 60 seconds
Oct 24 12:58:51.353529 ci-op-2fcpj5j6-f6035-2lklf-master-2 systemd[1]: Starting rpm-ostree System Management Daemon...
Oct 24 12:58:51.379252 ci-op-2fcpj5j6-f6035-2lklf-master-2 rpm-ostree[2669]: Reading config file '/etc/rpm-ostreed.conf'
Oct 24 12:58:51.404543 ci-op-2fcpj5j6-f6035-2lklf-master-2 rpm-ostree[2669]: In idle state; will auto-exit in 62 seconds
Oct 24 12:58:51.405476 ci-op-2fcpj5j6-f6035-2lklf-master-2 systemd[1]: Started rpm-ostree System Management Daemon.
Oct 24 12:58:51.411158 ci-op-2fcpj5j6-f6035-2lklf-master-2 rpm-ostree[2669]: client(id:cli dbus:1.24 unit:libpod-8480b39ddcac6a284264bbceb8ac4ce78a6294af3aef84ccf10b3ba82c952643.scope uid:0) added; new total=1
Oct 24 12:58:51.419313 ci-op-2fcpj5j6-f6035-2lklf-master-2 rpm-ostree[2669]: client(id:cli dbus:1.24 unit:libpod-8480b39ddcac6a284264bbceb8ac4ce78a6294af3aef84ccf10b3ba82c952643.scope uid:0) vanished; remaining=0
Oct 24 12:58:51.419344 ci-op-2fcpj5j6-f6035-2lklf-master-2 rpm-ostree[2669]: In idle state; will auto-exit in 61 seconds
Oct 24 12:58:51.471466 ci-op-2fcpj5j6-f6035-2lklf-master-2 rpm-ostree[2669]: client(id:cli dbus:1.25 unit:libpod-8480b39ddcac6a284264bbceb8ac4ce78a6294af3aef84ccf10b3ba82c952643.scope uid:0) added; new total=1
Oct 24 12:58:51.479955 ci-op-2fcpj5j6-f6035-2lklf-master-2 rpm-ostree[2669]: client(id:cli dbus:1.25 unit:libpod-8480b39ddcac6a284264bbceb8ac4ce78a6294af3aef84ccf10b3ba82c952643.scope uid:0) vanished; remaining=0
Oct 24 12:58:51.479982 ci-op-2fcpj5j6-f6035-2lklf-master-2 rpm-ostree[2669]: In idle state; will auto-exit in 62 seconds
Oct 24 12:58:53.543748 ci-op-2fcpj5j6-f6035-2lklf-master-0 rpm-ostree[2618]: client(id:cli dbus:1.26 unit:libpod-2f333c160cfe7a9fd63930eba78f761209d6297481d13ddc82b24c0dfced20a4.scope uid:0) added; new total=1
Oct 24 12:58:53.551943 ci-op-2fcpj5j6-f6035-2lklf-master-0 rpm-ostree[2618]: Loaded sysroot
Oct 24 12:58:53.581931 ci-op-2fcpj5j6-f6035-2lklf-master-0 rpm-ostree[2618]: Locked sysroot
Oct 24 12:58:53.582033 ci-op-2fcpj5j6-f6035-2lklf-master-0 rpm-ostree[2618]: Initiated txn Cleanup for client(id:cli dbus:1.26 unit:libpod-2f333c160cfe7a9fd63930eba78f761209d6297481d13ddc82b24c0dfced20a4.scope uid:0): /org/projectatomic/rpmostree1/rhcos
Oct 24 12:58:53.588140 ci-op-2fcpj5j6-f6035-2lklf-master-0 rpm-ostree[2618]: Process [pid: 2949 uid: 0 unit: libpod-2f333c160cfe7a9fd63930eba78f761209d6297481d13ddc82b24c0dfced20a4.scope] connected to transaction progress
Oct 24 12:58:53.589503 ci-op-2fcpj5j6-f6035-2lklf-master-0 rpm-ostree[2618]: Txn Cleanup on /org/projectatomic/rpmostree1/rhcos successful
Oct 24 12:58:53.589990 ci-op-2fcpj5j6-f6035-2lklf-master-0 rpm-ostree[2618]: Unlocked sysroot
Oct 24 12:58:53.590585 ci-op-2fcpj5j6-f6035-2lklf-master-0 rpm-ostree[2618]: Process [pid: 2949 uid: 0 unit: libpod-2f333c160cfe7a9fd63930eba78f761209d6297481d13ddc82b24c0dfced20a4.scope] disconnected from transaction progress
Oct 24 12:58:53.594185 ci-op-2fcpj5j6-f6035-2lklf-master-0 rpm-ostree[2618]: client(id:cli dbus:1.26 unit:libpod-2f333c160cfe7a9fd63930eba78f761209d6297481d13ddc82b24c0dfced20a4.scope uid:0) vanished; remaining=0
Oct 24 12:58:53.594211 ci-op-2fcpj5j6-f6035-2lklf-master-0 rpm-ostree[2618]: In idle state; will auto-exit in 60 seconds
Oct 24 12:58:53.625697 ci-op-2fcpj5j6-f6035-2lklf-master-0 rpm-ostree[2618]: client(id:cli dbus:1.27 unit:libpod-2f333c160cfe7a9fd63930eba78f761209d6297481d13ddc82b24c0dfced20a4.scope uid:0) added; new total=1
Oct 24 12:58:53.633830 ci-op-2fcpj5j6-f6035-2lklf-master-0 rpm-ostree[2618]: client(id:cli dbus:1.27 unit:libpod-2f333c160cfe7a9fd63930eba78f761209d6297481d13ddc82b24c0dfced20a4.scope uid:0) vanished; remaining=0
Oct 24 12:58:53.633872 ci-op-2fcpj5j6-f6035-2lklf-master-0 rpm-ostree[2618]: In idle state; will auto-exit in 64 seconds
Oct 24 12:58:53.682743 ci-op-2fcpj5j6-f6035-2lklf-master-0 rpm-ostree[2618]: client(id:cli dbus:1.28 unit:libpod-2f333c160cfe7a9fd63930eba78f761209d6297481d13ddc82b24c0dfced20a4.scope uid:0) added; new total=1
Oct 24 12:58:53.694960 ci-op-2fcpj5j6-f6035-2lklf-master-0 rpm-ostree[2618]: Loaded sysroot
Oct 24 12:58:53.695071 ci-op-2fcpj5j6-f6035-2lklf-master-0 rpm-ostree[2618]: Locked sysroot
Oct 24 12:58:53.695122 ci-op-2fcpj5j6-f6035-2lklf-master-0 rpm-ostree[2618]: Initiated txn Rebase for client(id:cli dbus:1.28 unit:libpod-2f333c160cfe7a9fd63930eba78f761209d6297481d13ddc82b24c0dfced20a4.scope uid:0): /org/projectatomic/rpmostree1/rhcos
Oct 24 12:58:53.700276 ci-op-2fcpj5j6-f6035-2lklf-master-0 rpm-ostree[2618]: Process [pid: 2963 uid: 0 unit: libpod-2f333c160cfe7a9fd63930eba78f761209d6297481d13ddc82b24c0dfced20a4.scope] connected to transaction progress
Oct 24 12:58:53.924469 ci-op-2fcpj5j6-f6035-2lklf-master-0 rpm-ostree[2618]: Fetching ostree-unverified-registry:registry.build02.ci.openshift.org/ci-op-2fcpj5j6/stable@sha256:0943a4e3eb4b3c1cb77764182381d3ed03c0ff8d5f1992722081c06828915232
Oct 24 12:58:54.805849 ci-op-2fcpj5j6-f6035-2lklf-master-0 rpm-ostree[2618]: layers already present: 22; layers needed: 29 (551.5 MB)
Oct 24 12:58:54.808011 ci-op-2fcpj5j6-f6035-2lklf-master-0 rpm-ostree[2618]: Fetching ostree chunk sha256:bec1935899d1 (70.2 MB)
Oct 24 12:58:57.039445 ci-op-2fcpj5j6-f6035-2lklf-master-0 rpm-ostree[2618]: Fetched ostree chunk sha256:bec1935899d1
Oct 24 12:58:57.039445 ci-op-2fcpj5j6-f6035-2lklf-master-0 rpm-ostree[2618]: Fetching ostree chunk sha256:6832cc568864 (23.2 MB)
Oct 24 12:58:58.084185 ci-op-2fcpj5j6-f6035-2lklf-master-0 rpm-ostree[2618]: Fetched ostree chunk sha256:6832cc568864
Oct 24 12:58:58.084185 ci-op-2fcpj5j6-f6035-2lklf-master-0 rpm-ostree[2618]: Fetching ostree chunk sha256:57d9f8757bf3 (24.7 MB)
Oct 24 12:58:59.127889 ci-op-2fcpj5j6-f6035-2lklf-master-0 rpm-ostree[2618]: Fetched ostree chunk sha256:57d9f8757bf3
Oct 24 12:58:59.127889 ci-op-2fcpj5j6-f6035-2lklf-master-0 rpm-ostree[2618]: Fetching ostree chunk sha256:49091e98027e (26.7 MB)
Oct 24 12:59:00.236829 ci-op-2fcpj5j6-f6035-2lklf-master-0 rpm-ostree[2618]: Fetched ostree chunk sha256:49091e98027e
Oct 24 12:59:00.236829 ci-op-2fcpj5j6-f6035-2lklf-master-0 rpm-ostree[2618]: Fetching ostree chunk sha256:9e1eabff5d25 (20.7 MB)
Oct 24 12:59:01.078421 ci-op-2fcpj5j6-f6035-2lklf-master-0 rpm-ostree[2618]: Fetched ostree chunk sha256:9e1eabff5d25
Oct 24 12:59:01.078421 ci-op-2fcpj5j6-f6035-2lklf-master-0 rpm-ostree[2618]: Fetching ostree chunk sha256:2eb137921445 (22.5 MB)
Oct 24 12:59:01.799460 ci-op-2fcpj5j6-f6035-2lklf-master-0 rpm-ostree[2618]: Fetched ostree chunk sha256:2eb137921445
Oct 24 12:59:01.799460 ci-op-2fcpj5j6-f6035-2lklf-master-0 rpm-ostree[2618]: Fetching ostree chunk sha256:a0c6fee285ee (34.5 MB)
Oct 24 12:59:02.971663 ci-op-2fcpj5j6-f6035-2lklf-master-0 rpm-ostree[2618]: Fetched ostree chunk sha256:a0c6fee285ee
Oct 24 12:59:02.971663 ci-op-2fcpj5j6-f6035-2lklf-master-0 rpm-ostree[2618]: Fetching ostree chunk sha256:b32452ab309b (13.0 MB)
Oct 24 12:59:03.766802 ci-op-2fcpj5j6-f6035-2lklf-master-0 rpm-ostree[2618]: Fetched ostree chunk sha256:b32452ab309b
Oct 24 12:59:03.766802 ci-op-2fcpj5j6-f6035-2lklf-master-0 rpm-ostree[2618]: Fetching ostree chunk sha256:6f7fa51b9765 (28.8 MB)
Oct 24 12:59:04.775429 ci-op-2fcpj5j6-f6035-2lklf-master-0 rpm-ostree[2618]: Fetched ostree chunk sha256:6f7fa51b9765
Oct 24 12:59:04.775429 ci-op-2fcpj5j6-f6035-2lklf-master-0 rpm-ostree[2618]: Fetching ostree chunk sha256:83649e7ddccf (10.5 MB)
Oct 24 12:59:05.307786 ci-op-2fcpj5j6-f6035-2lklf-master-0 rpm-ostree[2618]: Fetched ostree chunk sha256:83649e7ddccf
Oct 24 12:59:05.307786 ci-op-2fcpj5j6-f6035-2lklf-master-0 rpm-ostree[2618]: Fetching ostree chunk sha256:0a599613d6c3 (11.3 MB)
Oct 24 12:59:05.761437 ci-op-2fcpj5j6-f6035-2lklf-master-0 rpm-ostree[2618]: Fetched ostree chunk sha256:0a599613d6c3
Oct 24 12:59:05.761437 ci-op-2fcpj5j6-f6035-2lklf-master-0 rpm-ostree[2618]: Fetching ostree chunk sha256:1f766f720f9a (6.7 MB)
Oct 24 12:59:06.128666 ci-op-2fcpj5j6-f6035-2lklf-master-0 rpm-ostree[2618]: Fetched ostree chunk sha256:1f766f720f9a
Oct 24 12:59:06.128666 ci-op-2fcpj5j6-f6035-2lklf-master-0 rpm-ostree[2618]: Fetching ostree chunk sha256:25b4ac98ee64 (15.3 MB)
Oct 24 12:59:06.788814 ci-op-2fcpj5j6-f6035-2lklf-master-0 rpm-ostree[2618]: Fetched ostree chunk sha256:25b4ac98ee64
Oct 24 12:59:06.788814 ci-op-2fcpj5j6-f6035-2lklf-master-0 rpm-ostree[2618]: Fetching ostree chunk sha256:5d95a68a57f9 (4.4 MB)
Oct 24 12:59:07.051638 ci-op-2fcpj5j6-f6035-2lklf-master-0 rpm-ostree[2618]: Fetched ostree chunk sha256:5d95a68a57f9
Oct 24 12:59:07.051638 ci-op-2fcpj5j6-f6035-2lklf-master-0 rpm-ostree[2618]: Fetching ostree chunk sha256:abd193677078 (3.4 MB)
Oct 24 12:59:07.126271 ci-op-2fcpj5j6-f6035-2lklf-master-2 rpm-ostree[2669]: client(id:cli dbus:1.26 unit:libpod-8480b39ddcac6a284264bbceb8ac4ce78a6294af3aef84ccf10b3ba82c952643.scope uid:0) added; new total=1
Oct 24 12:59:07.133534 ci-op-2fcpj5j6-f6035-2lklf-master-2 rpm-ostree[2669]: Loaded sysroot
Oct 24 12:59:07.156901 ci-op-2fcpj5j6-f6035-2lklf-master-2 rpm-ostree[2669]: Locked sysroot
Oct 24 12:59:07.160086 ci-op-2fcpj5j6-f6035-2lklf-master-2 rpm-ostree[2669]: Initiated txn Cleanup for client(id:cli dbus:1.26 unit:libpod-8480b39ddcac6a284264bbceb8ac4ce78a6294af3aef84ccf10b3ba82c952643.scope uid:0): /org/projectatomic/rpmostree1/rhcos
Oct 24 12:59:07.164506 ci-op-2fcpj5j6-f6035-2lklf-master-2 rpm-ostree[2669]: Process [pid: 3061 uid: 0 unit: libpod-8480b39ddcac6a284264bbceb8ac4ce78a6294af3aef84ccf10b3ba82c952643.scope] connected to transaction progress
Oct 24 12:59:07.165464 ci-op-2fcpj5j6-f6035-2lklf-master-2 rpm-ostree[2669]: Txn Cleanup on /org/projectatomic/rpmostree1/rhcos successful
Oct 24 12:59:07.165876 ci-op-2fcpj5j6-f6035-2lklf-master-2 rpm-ostree[2669]: Unlocked sysroot
Oct 24 12:59:07.166258 ci-op-2fcpj5j6-f6035-2lklf-master-2 rpm-ostree[2669]: Process [pid: 3061 uid: 0 unit: libpod-8480b39ddcac6a284264bbceb8ac4ce78a6294af3aef84ccf10b3ba82c952643.scope] disconnected from transaction progress
Oct 24 12:59:07.168450 ci-op-2fcpj5j6-f6035-2lklf-master-2 rpm-ostree[2669]: client(id:cli dbus:1.26 unit:libpod-8480b39ddcac6a284264bbceb8ac4ce78a6294af3aef84ccf10b3ba82c952643.scope uid:0) vanished; remaining=0
Oct 24 12:59:07.168487 ci-op-2fcpj5j6-f6035-2lklf-master-2 rpm-ostree[2669]: In idle state; will auto-exit in 60 seconds
Oct 24 12:59:07.196495 ci-op-2fcpj5j6-f6035-2lklf-master-2 rpm-ostree[2669]: client(id:cli dbus:1.27 unit:libpod-8480b39ddcac6a284264bbceb8ac4ce78a6294af3aef84ccf10b3ba82c952643.scope uid:0) added; new total=1
Oct 24 12:59:07.203578 ci-op-2fcpj5j6-f6035-2lklf-master-2 rpm-ostree[2669]: client(id:cli dbus:1.27 unit:libpod-8480b39ddcac6a284264bbceb8ac4ce78a6294af3aef84ccf10b3ba82c952643.scope uid:0) vanished; remaining=0
Oct 24 12:59:07.203603 ci-op-2fcpj5j6-f6035-2lklf-master-2 rpm-ostree[2669]: In idle state; will auto-exit in 61 seconds
Oct 24 12:59:07.250532 ci-op-2fcpj5j6-f6035-2lklf-master-2 rpm-ostree[2669]: client(id:cli dbus:1.28 unit:libpod-8480b39ddcac6a284264bbceb8ac4ce78a6294af3aef84ccf10b3ba82c952643.scope uid:0) added; new total=1
Oct 24 12:59:07.260331 ci-op-2fcpj5j6-f6035-2lklf-master-2 rpm-ostree[2669]: Loaded sysroot
Oct 24 12:59:07.260464 ci-op-2fcpj5j6-f6035-2lklf-master-2 rpm-ostree[2669]: Locked sysroot
Oct 24 12:59:07.260530 ci-op-2fcpj5j6-f6035-2lklf-master-2 rpm-ostree[2669]: Initiated txn Rebase for client(id:cli dbus:1.28 unit:libpod-8480b39ddcac6a284264bbceb8ac4ce78a6294af3aef84ccf10b3ba82c952643.scope uid:0): /org/projectatomic/rpmostree1/rhcos
Oct 24 12:59:07.264801 ci-op-2fcpj5j6-f6035-2lklf-master-2 rpm-ostree[2669]: Process [pid: 3076 uid: 0 unit: libpod-8480b39ddcac6a284264bbceb8ac4ce78a6294af3aef84ccf10b3ba82c952643.scope] connected to transaction progress
Oct 24 12:59:07.428128 ci-op-2fcpj5j6-f6035-2lklf-master-0 rpm-ostree[2618]: Fetched ostree chunk sha256:abd193677078
Oct 24 12:59:07.428128 ci-op-2fcpj5j6-f6035-2lklf-master-0 rpm-ostree[2618]: Fetching ostree chunk sha256:d133d0ac559e (1.5 MB)
Oct 24 12:59:07.481036 ci-op-2fcpj5j6-f6035-2lklf-master-2 rpm-ostree[2669]: Fetching ostree-unverified-registry:registry.build02.ci.openshift.org/ci-op-2fcpj5j6/stable@sha256:0943a4e3eb4b3c1cb77764182381d3ed03c0ff8d5f1992722081c06828915232
Oct 24 12:59:07.671786 ci-op-2fcpj5j6-f6035-2lklf-master-0 rpm-ostree[2618]: Fetched ostree chunk sha256:d133d0ac559e
Oct 24 12:59:07.671786 ci-op-2fcpj5j6-f6035-2lklf-master-0 rpm-ostree[2618]: Fetching ostree chunk sha256:bcdf1d3e379d (14.4 MB)
Oct 24 12:59:08.235212 ci-op-2fcpj5j6-f6035-2lklf-master-0 rpm-ostree[2618]: Fetched ostree chunk sha256:bcdf1d3e379d
Oct 24 12:59:08.235212 ci-op-2fcpj5j6-f6035-2lklf-master-0 rpm-ostree[2618]: Fetching ostree chunk sha256:af8a91931ff4 (3.9 MB)
Oct 24 12:59:08.357564 ci-op-2fcpj5j6-f6035-2lklf-master-2 rpm-ostree[2669]: layers already present: 22; layers needed: 29 (551.5 MB)
Oct 24 12:59:08.359849 ci-op-2fcpj5j6-f6035-2lklf-master-2 rpm-ostree[2669]: Fetching ostree chunk sha256:bec1935899d1 (70.2 MB)
Oct 24 12:59:08.479119 ci-op-2fcpj5j6-f6035-2lklf-master-0 rpm-ostree[2618]: Fetched ostree chunk sha256:af8a91931ff4
Oct 24 12:59:08.479119 ci-op-2fcpj5j6-f6035-2lklf-master-0 rpm-ostree[2618]: Fetching ostree chunk sha256:b53a9c68e4ed (2.8 MB)
Oct 24 12:59:08.745331 ci-op-2fcpj5j6-f6035-2lklf-master-0 rpm-ostree[2618]: Fetched ostree chunk sha256:b53a9c68e4ed
Oct 24 12:59:08.745331 ci-op-2fcpj5j6-f6035-2lklf-master-0 rpm-ostree[2618]: Fetching ostree chunk sha256:c0d4e5d72575 (1.8 MB)
Oct 24 12:59:08.950831 ci-op-2fcpj5j6-f6035-2lklf-master-0 rpm-ostree[2618]: Fetched ostree chunk sha256:c0d4e5d72575
Oct 24 12:59:08.950831 ci-op-2fcpj5j6-f6035-2lklf-master-0 rpm-ostree[2618]: Fetching ostree chunk sha256:6006bb5b33c1 (1.4 MB)
Oct 24 12:59:09.142675 ci-op-2fcpj5j6-f6035-2lklf-master-0 rpm-ostree[2618]: Fetched ostree chunk sha256:6006bb5b33c1
Oct 24 12:59:09.142675 ci-op-2fcpj5j6-f6035-2lklf-master-0 rpm-ostree[2618]: Fetching ostree chunk sha256:6c9c74038afd (21.3 MB)
Oct 24 12:59:09.748017 ci-op-2fcpj5j6-f6035-2lklf-master-0 rpm-ostree[2618]: Fetched ostree chunk sha256:6c9c74038afd
Oct 24 12:59:09.748017 ci-op-2fcpj5j6-f6035-2lklf-master-0 rpm-ostree[2618]: Fetching ostree chunk sha256:30cb49763f43 (3.7 MB)
Oct 24 12:59:09.983908 ci-op-2fcpj5j6-f6035-2lklf-master-0 rpm-ostree[2618]: Fetched ostree chunk sha256:30cb49763f43
Oct 24 12:59:09.983908 ci-op-2fcpj5j6-f6035-2lklf-master-0 rpm-ostree[2618]: Fetching ostree chunk sha256:5dcfd032af3f (10.4 MB)
Oct 24 12:59:10.425946 ci-op-2fcpj5j6-f6035-2lklf-master-0 rpm-ostree[2618]: Fetched ostree chunk sha256:5dcfd032af3f
Oct 24 12:59:10.425946 ci-op-2fcpj5j6-f6035-2lklf-master-0 rpm-ostree[2618]: Fetching ostree chunk sha256:b2f2fc9904d4 (6.3 MB)
Oct 24 12:59:10.714341 ci-op-2fcpj5j6-f6035-2lklf-master-0 rpm-ostree[2618]: Fetched ostree chunk sha256:b2f2fc9904d4
Oct 24 12:59:10.714341 ci-op-2fcpj5j6-f6035-2lklf-master-0 rpm-ostree[2618]: Fetching ostree chunk sha256:d9b7fdaa352e (4.0 MB)
Oct 24 12:59:10.747451 ci-op-2fcpj5j6-f6035-2lklf-master-2 rpm-ostree[2669]: Fetched ostree chunk sha256:bec1935899d1
Oct 24 12:59:10.747451 ci-op-2fcpj5j6-f6035-2lklf-master-2 rpm-ostree[2669]: Fetching ostree chunk sha256:6832cc568864 (23.2 MB)
Oct 24 12:59:10.993421 ci-op-2fcpj5j6-f6035-2lklf-master-0 rpm-ostree[2618]: Fetched ostree chunk sha256:d9b7fdaa352e
Oct 24 12:59:10.993421 ci-op-2fcpj5j6-f6035-2lklf-master-0 rpm-ostree[2618]: Fetching ostree chunk sha256:696fc90ec20b (38.0 MB)
Oct 24 12:59:11.696485 ci-op-2fcpj5j6-f6035-2lklf-master-2 rpm-ostree[2669]: Fetched ostree chunk sha256:6832cc568864
Oct 24 12:59:11.696485 ci-op-2fcpj5j6-f6035-2lklf-master-2 rpm-ostree[2669]: Fetching ostree chunk sha256:57d9f8757bf3 (24.7 MB)
Oct 24 12:59:12.082483 ci-op-2fcpj5j6-f6035-2lklf-master-0 rpm-ostree[2618]: Fetched ostree chunk sha256:696fc90ec20b
Oct 24 12:59:12.082483 ci-op-2fcpj5j6-f6035-2lklf-master-0 rpm-ostree[2618]: Fetching ostree chunk sha256:444169e83b43 (124.3 MB)
Oct 24 12:59:12.620839 ci-op-2fcpj5j6-f6035-2lklf-master-2 rpm-ostree[2669]: Fetched ostree chunk sha256:57d9f8757bf3
Oct 24 12:59:12.620839 ci-op-2fcpj5j6-f6035-2lklf-master-2 rpm-ostree[2669]: Fetching ostree chunk sha256:49091e98027e (26.7 MB)
Oct 24 12:59:13.579724 ci-op-2fcpj5j6-f6035-2lklf-master-2 rpm-ostree[2669]: Fetched ostree chunk sha256:49091e98027e
Oct 24 12:59:13.579724 ci-op-2fcpj5j6-f6035-2lklf-master-2 rpm-ostree[2669]: Fetching ostree chunk sha256:9e1eabff5d25 (20.7 MB)
Oct 24 12:59:14.380927 ci-op-2fcpj5j6-f6035-2lklf-master-2 rpm-ostree[2669]: Fetched ostree chunk sha256:9e1eabff5d25
Oct 24 12:59:14.380927 ci-op-2fcpj5j6-f6035-2lklf-master-2 rpm-ostree[2669]: Fetching ostree chunk sha256:2eb137921445 (22.5 MB)
Oct 24 12:59:14.860730 ci-op-2fcpj5j6-f6035-2lklf-master-0 rpm-ostree[2618]: Fetched ostree chunk sha256:444169e83b43
Oct 24 12:59:14.860730 ci-op-2fcpj5j6-f6035-2lklf-master-0 rpm-ostree[2618]: Fetching ostree chunk sha256:63635bc2f4d5 (1.7 MB)
Oct 24 12:59:15.117586 ci-op-2fcpj5j6-f6035-2lklf-master-2 rpm-ostree[2669]: Fetched ostree chunk sha256:2eb137921445
Oct 24 12:59:15.117586 ci-op-2fcpj5j6-f6035-2lklf-master-2 rpm-ostree[2669]: Fetching ostree chunk sha256:a0c6fee285ee (34.5 MB)
Oct 24 12:59:15.353623 ci-op-2fcpj5j6-f6035-2lklf-master-0 rpm-ostree[2618]: Fetched ostree chunk sha256:63635bc2f4d5
Oct 24 12:59:16.253908 ci-op-2fcpj5j6-f6035-2lklf-master-2 rpm-ostree[2669]: Fetched ostree chunk sha256:a0c6fee285ee
Oct 24 12:59:16.253908 ci-op-2fcpj5j6-f6035-2lklf-master-2 rpm-ostree[2669]: Fetching ostree chunk sha256:b32452ab309b (13.0 MB)
Oct 24 12:59:16.816909 ci-op-2fcpj5j6-f6035-2lklf-master-2 rpm-ostree[2669]: Fetched ostree chunk sha256:b32452ab309b
Oct 24 12:59:16.816909 ci-op-2fcpj5j6-f6035-2lklf-master-2 rpm-ostree[2669]: Fetching ostree chunk sha256:6f7fa51b9765 (28.8 MB)
Oct 24 12:59:17.733350 ci-op-2fcpj5j6-f6035-2lklf-master-2 rpm-ostree[2669]: Fetched ostree chunk sha256:6f7fa51b9765
Oct 24 12:59:17.733350 ci-op-2fcpj5j6-f6035-2lklf-master-2 rpm-ostree[2669]: Fetching ostree chunk sha256:83649e7ddccf (10.5 MB)
Oct 24 12:59:18.611601 ci-op-2fcpj5j6-f6035-2lklf-master-2 rpm-ostree[2669]: Fetched ostree chunk sha256:83649e7ddccf
Oct 24 12:59:18.611601 ci-op-2fcpj5j6-f6035-2lklf-master-2 rpm-ostree[2669]: Fetching ostree chunk sha256:0a599613d6c3 (11.3 MB)
Oct 24 12:59:19.085985 ci-op-2fcpj5j6-f6035-2lklf-master-2 rpm-ostree[2669]: Fetched ostree chunk sha256:0a599613d6c3
Oct 24 12:59:19.085985 ci-op-2fcpj5j6-f6035-2lklf-master-2 rpm-ostree[2669]: Fetching ostree chunk sha256:1f766f720f9a (6.7 MB)
Oct 24 12:59:19.451647 ci-op-2fcpj5j6-f6035-2lklf-master-2 rpm-ostree[2669]: Fetched ostree chunk sha256:1f766f720f9a
Oct 24 12:59:19.451647 ci-op-2fcpj5j6-f6035-2lklf-master-2 rpm-ostree[2669]: Fetching ostree chunk sha256:25b4ac98ee64 (15.3 MB)
Oct 24 12:59:19.891410 ci-op-2fcpj5j6-f6035-2lklf-master-2 rpm-ostree[2669]: Fetched ostree chunk sha256:25b4ac98ee64
Oct 24 12:59:19.891410 ci-op-2fcpj5j6-f6035-2lklf-master-2 rpm-ostree[2669]: Fetching ostree chunk sha256:5d95a68a57f9 (4.4 MB)
Oct 24 12:59:20.158742 ci-op-2fcpj5j6-f6035-2lklf-master-2 rpm-ostree[2669]: Fetched ostree chunk sha256:5d95a68a57f9
Oct 24 12:59:20.158742 ci-op-2fcpj5j6-f6035-2lklf-master-2 rpm-ostree[2669]: Fetching ostree chunk sha256:abd193677078 (3.4 MB)
Oct 24 12:59:20.543203 ci-op-2fcpj5j6-f6035-2lklf-master-2 rpm-ostree[2669]: Fetched ostree chunk sha256:abd193677078
Oct 24 12:59:20.543203 ci-op-2fcpj5j6-f6035-2lklf-master-2 rpm-ostree[2669]: Fetching ostree chunk sha256:d133d0ac559e (1.5 MB)
Oct 24 12:59:20.774047 ci-op-2fcpj5j6-f6035-2lklf-master-2 rpm-ostree[2669]: Fetched ostree chunk sha256:d133d0ac559e
Oct 24 12:59:20.774047 ci-op-2fcpj5j6-f6035-2lklf-master-2 rpm-ostree[2669]: Fetching ostree chunk sha256:bcdf1d3e379d (14.4 MB)
Oct 24 12:59:21.297900 ci-op-2fcpj5j6-f6035-2lklf-master-2 rpm-ostree[2669]: Fetched ostree chunk sha256:bcdf1d3e379d
Oct 24 12:59:21.297900 ci-op-2fcpj5j6-f6035-2lklf-master-2 rpm-ostree[2669]: Fetching ostree chunk sha256:af8a91931ff4 (3.9 MB)
Oct 24 12:59:21.536617 ci-op-2fcpj5j6-f6035-2lklf-master-2 rpm-ostree[2669]: Fetched ostree chunk sha256:af8a91931ff4
Oct 24 12:59:21.536617 ci-op-2fcpj5j6-f6035-2lklf-master-2 rpm-ostree[2669]: Fetching ostree chunk sha256:b53a9c68e4ed (2.8 MB)
Oct 24 12:59:21.834423 ci-op-2fcpj5j6-f6035-2lklf-master-2 rpm-ostree[2669]: Fetched ostree chunk sha256:b53a9c68e4ed
Oct 24 12:59:21.834423 ci-op-2fcpj5j6-f6035-2lklf-master-2 rpm-ostree[2669]: Fetching ostree chunk sha256:c0d4e5d72575 (1.8 MB)
Oct 24 12:59:22.065039 ci-op-2fcpj5j6-f6035-2lklf-master-2 rpm-ostree[2669]: Fetched ostree chunk sha256:c0d4e5d72575
Oct 24 12:59:22.065039 ci-op-2fcpj5j6-f6035-2lklf-master-2 rpm-ostree[2669]: Fetching ostree chunk sha256:6006bb5b33c1 (1.4 MB)
Oct 24 12:59:22.253209 ci-op-2fcpj5j6-f6035-2lklf-master-2 rpm-ostree[2669]: Fetched ostree chunk sha256:6006bb5b33c1
Oct 24 12:59:22.253209 ci-op-2fcpj5j6-f6035-2lklf-master-2 rpm-ostree[2669]: Fetching ostree chunk sha256:6c9c74038afd (21.3 MB)
Oct 24 12:59:22.756380 ci-op-2fcpj5j6-f6035-2lklf-master-0 rpm-ostree[2618]: Created new deployment /ostree/deploy/rhcos/deploy/cae3f8f7a82712b3758e60f814dd9b603402853c706cd3762a85503937ba25fa.0
Oct 24 12:59:22.770387 ci-op-2fcpj5j6-f6035-2lklf-master-0 rpm-ostree[2618]: sanitycheck(/usr/bin/true) successful
Oct 24 12:59:22.825385 ci-op-2fcpj5j6-f6035-2lklf-master-2 rpm-ostree[2669]: Fetched ostree chunk sha256:6c9c74038afd
Oct 24 12:59:22.825385 ci-op-2fcpj5j6-f6035-2lklf-master-2 rpm-ostree[2669]: Fetching ostree chunk sha256:30cb49763f43 (3.7 MB)
Oct 24 12:59:23.067607 ci-op-2fcpj5j6-f6035-2lklf-master-2 rpm-ostree[2669]: Fetched ostree chunk sha256:30cb49763f43
Oct 24 12:59:23.067607 ci-op-2fcpj5j6-f6035-2lklf-master-2 rpm-ostree[2669]: Fetching ostree chunk sha256:5dcfd032af3f (10.4 MB)
Oct 24 12:59:23.529358 ci-op-2fcpj5j6-f6035-2lklf-master-2 rpm-ostree[2669]: Fetched ostree chunk sha256:5dcfd032af3f
Oct 24 12:59:23.529358 ci-op-2fcpj5j6-f6035-2lklf-master-2 rpm-ostree[2669]: Fetching ostree chunk sha256:b2f2fc9904d4 (6.3 MB)
Oct 24 12:59:23.832786 ci-op-2fcpj5j6-f6035-2lklf-master-2 rpm-ostree[2669]: Fetched ostree chunk sha256:b2f2fc9904d4
Oct 24 12:59:23.832786 ci-op-2fcpj5j6-f6035-2lklf-master-2 rpm-ostree[2669]: Fetching ostree chunk sha256:d9b7fdaa352e (4.0 MB)
Oct 24 12:59:24.101820 ci-op-2fcpj5j6-f6035-2lklf-master-2 rpm-ostree[2669]: Fetched ostree chunk sha256:d9b7fdaa352e
Oct 24 12:59:24.101820 ci-op-2fcpj5j6-f6035-2lklf-master-2 rpm-ostree[2669]: Fetching ostree chunk sha256:696fc90ec20b (38.0 MB)
Oct 24 12:59:24.150806 ci-op-2fcpj5j6-f6035-2lklf-master-0 rpm-ostree[2618]: Txn Rebase on /org/projectatomic/rpmostree1/rhcos successful
Oct 24 12:59:24.152958 ci-op-2fcpj5j6-f6035-2lklf-master-0 rpm-ostree[2618]: Unlocked sysroot
Oct 24 12:59:24.154227 ci-op-2fcpj5j6-f6035-2lklf-master-0 rpm-ostree[2618]: Process [pid: 2963 uid: 0 unit: libpod-2f333c160cfe7a9fd63930eba78f761209d6297481d13ddc82b24c0dfced20a4.scope] disconnected from transaction progress
Oct 24 12:59:24.731089 ci-op-2fcpj5j6-f6035-2lklf-master-0 rpm-ostree[2618]: client(id:cli dbus:1.28 unit:libpod-2f333c160cfe7a9fd63930eba78f761209d6297481d13ddc82b24c0dfced20a4.scope uid:0) vanished; remaining=0
Oct 24 12:59:24.731116 ci-op-2fcpj5j6-f6035-2lklf-master-0 rpm-ostree[2618]: In idle state; will auto-exit in 62 seconds
Oct 24 12:59:24.766117 ci-op-2fcpj5j6-f6035-2lklf-master-0 rpm-ostree[2618]: client(id:cli dbus:1.29 unit:libpod-2f333c160cfe7a9fd63930eba78f761209d6297481d13ddc82b24c0dfced20a4.scope uid:0) added; new total=1
Oct 24 12:59:24.779138 ci-op-2fcpj5j6-f6035-2lklf-master-0 rpm-ostree[2618]: Loaded sysroot
Oct 24 12:59:24.779254 ci-op-2fcpj5j6-f6035-2lklf-master-0 rpm-ostree[2618]: Locked sysroot
Oct 24 12:59:24.779312 ci-op-2fcpj5j6-f6035-2lklf-master-0 rpm-ostree[2618]: Initiated txn KernelArgs for client(id:cli dbus:1.29 unit:libpod-2f333c160cfe7a9fd63930eba78f761209d6297481d13ddc82b24c0dfced20a4.scope uid:0): /org/projectatomic/rpmostree1/rhcos
Oct 24 12:59:24.784665 ci-op-2fcpj5j6-f6035-2lklf-master-0 rpm-ostree[2618]: Process [pid: 3327 uid: 0 unit: libpod-2f333c160cfe7a9fd63930eba78f761209d6297481d13ddc82b24c0dfced20a4.scope] connected to transaction progress
Oct 24 12:59:25.260726 ci-op-2fcpj5j6-f6035-2lklf-master-2 rpm-ostree[2669]: Fetched ostree chunk sha256:696fc90ec20b
Oct 24 12:59:25.260726 ci-op-2fcpj5j6-f6035-2lklf-master-2 rpm-ostree[2669]: Fetching ostree chunk sha256:444169e83b43 (124.3 MB)
Oct 24 12:59:27.562430 ci-op-2fcpj5j6-f6035-2lklf-master-0 rpm-ostree[2618]: Created new deployment /ostree/deploy/rhcos/deploy/cae3f8f7a82712b3758e60f814dd9b603402853c706cd3762a85503937ba25fa.1
Oct 24 12:59:27.575483 ci-op-2fcpj5j6-f6035-2lklf-master-0 rpm-ostree[2618]: sanitycheck(/usr/bin/true) successful
Oct 24 12:59:28.367441 ci-op-2fcpj5j6-f6035-2lklf-master-0 rpm-ostree[2618]: Txn KernelArgs on /org/projectatomic/rpmostree1/rhcos successful
Oct 24 12:59:28.369468 ci-op-2fcpj5j6-f6035-2lklf-master-0 rpm-ostree[2618]: Unlocked sysroot
Oct 24 12:59:28.370413 ci-op-2fcpj5j6-f6035-2lklf-master-0 rpm-ostree[2618]: Process [pid: 3327 uid: 0 unit: libpod-2f333c160cfe7a9fd63930eba78f761209d6297481d13ddc82b24c0dfced20a4.scope] disconnected from transaction progress
Oct 24 12:59:28.576544 ci-op-2fcpj5j6-f6035-2lklf-master-2 rpm-ostree[2669]: Fetched ostree chunk sha256:444169e83b43
Oct 24 12:59:28.576544 ci-op-2fcpj5j6-f6035-2lklf-master-2 rpm-ostree[2669]: Fetching ostree chunk sha256:63635bc2f4d5 (1.7 MB)
Oct 24 12:59:28.653559 ci-op-2fcpj5j6-f6035-2lklf-master-0 rpm-ostree[2618]: client(id:cli dbus:1.29 unit:libpod-2f333c160cfe7a9fd63930eba78f761209d6297481d13ddc82b24c0dfced20a4.scope uid:0) vanished; remaining=0
Oct 24 12:59:28.653585 ci-op-2fcpj5j6-f6035-2lklf-master-0 rpm-ostree[2618]: In idle state; will auto-exit in 61 seconds
Oct 24 12:59:28.985342 ci-op-2fcpj5j6-f6035-2lklf-master-0 systemd[1]: Stopping rpm-ostree System Management Daemon...
Oct 24 12:59:29.039862 ci-op-2fcpj5j6-f6035-2lklf-master-2 rpm-ostree[2669]: Fetched ostree chunk sha256:63635bc2f4d5
Oct 24 12:59:29.097543 ci-op-2fcpj5j6-f6035-2lklf-master-0 systemd[1]: rpm-ostreed.service: Deactivated successfully.
Oct 24 12:59:29.097773 ci-op-2fcpj5j6-f6035-2lklf-master-0 systemd[1]: Stopped rpm-ostree System Management Daemon.
Oct 24 12:59:29.106067 ci-op-2fcpj5j6-f6035-2lklf-master-0 systemd[1]: rpm-ostreed.service: Consumed 22.298s CPU time.
-- Boot 818b54fbeb8f48af935307bb3facd639 --
Oct 24 12:59:36.391728 ci-op-2fcpj5j6-f6035-2lklf-master-2 rpm-ostree[2669]: Created new deployment /ostree/deploy/rhcos/deploy/7a0f2faf4018637dbc16b2b0bbda8c6ef04b8dd17268eb3020987d75538e680a.0
Oct 24 12:59:36.405880 ci-op-2fcpj5j6-f6035-2lklf-master-2 rpm-ostree[2669]: sanitycheck(/usr/bin/true) successful
Oct 24 12:59:37.761482 ci-op-2fcpj5j6-f6035-2lklf-master-2 rpm-ostree[2669]: Txn Rebase on /org/projectatomic/rpmostree1/rhcos successful
Oct 24 12:59:37.763811 ci-op-2fcpj5j6-f6035-2lklf-master-2 rpm-ostree[2669]: Unlocked sysroot
Oct 24 12:59:37.764612 ci-op-2fcpj5j6-f6035-2lklf-master-2 rpm-ostree[2669]: Process [pid: 3076 uid: 0 unit: libpod-8480b39ddcac6a284264bbceb8ac4ce78a6294af3aef84ccf10b3ba82c952643.scope] disconnected from transaction progress
Oct 24 12:59:38.358454 ci-op-2fcpj5j6-f6035-2lklf-master-2 rpm-ostree[2669]: client(id:cli dbus:1.28 unit:libpod-8480b39ddcac6a284264bbceb8ac4ce78a6294af3aef84ccf10b3ba82c952643.scope uid:0) vanished; remaining=0
Oct 24 12:59:38.358478 ci-op-2fcpj5j6-f6035-2lklf-master-2 rpm-ostree[2669]: In idle state; will auto-exit in 63 seconds
Oct 24 12:59:38.394483 ci-op-2fcpj5j6-f6035-2lklf-master-2 rpm-ostree[2669]: client(id:cli dbus:1.29 unit:libpod-8480b39ddcac6a284264bbceb8ac4ce78a6294af3aef84ccf10b3ba82c952643.scope uid:0) added; new total=1
Oct 24 12:59:38.404772 ci-op-2fcpj5j6-f6035-2lklf-master-2 rpm-ostree[2669]: Loaded sysroot
Oct 24 12:59:38.404903 ci-op-2fcpj5j6-f6035-2lklf-master-2 rpm-ostree[2669]: Locked sysroot
Oct 24 12:59:38.404994 ci-op-2fcpj5j6-f6035-2lklf-master-2 rpm-ostree[2669]: Initiated txn KernelArgs for client(id:cli dbus:1.29 unit:libpod-8480b39ddcac6a284264bbceb8ac4ce78a6294af3aef84ccf10b3ba82c952643.scope uid:0): /org/projectatomic/rpmostree1/rhcos
Oct 24 12:59:38.410613 ci-op-2fcpj5j6-f6035-2lklf-master-2 rpm-ostree[2669]: Process [pid: 3438 uid: 0 unit: libpod-8480b39ddcac6a284264bbceb8ac4ce78a6294af3aef84ccf10b3ba82c952643.scope] connected to transaction progress
Oct 24 12:59:41.185383 ci-op-2fcpj5j6-f6035-2lklf-master-2 rpm-ostree[2669]: Created new deployment /ostree/deploy/rhcos/deploy/7a0f2faf4018637dbc16b2b0bbda8c6ef04b8dd17268eb3020987d75538e680a.1
Oct 24 12:59:41.198659 ci-op-2fcpj5j6-f6035-2lklf-master-2 rpm-ostree[2669]: sanitycheck(/usr/bin/true) successful
Oct 24 12:59:41.998458 ci-op-2fcpj5j6-f6035-2lklf-master-2 rpm-ostree[2669]: Txn KernelArgs on /org/projectatomic/rpmostree1/rhcos successful
Oct 24 12:59:42.000990 ci-op-2fcpj5j6-f6035-2lklf-master-2 rpm-ostree[2669]: Unlocked sysroot
Oct 24 12:59:42.001963 ci-op-2fcpj5j6-f6035-2lklf-master-2 rpm-ostree[2669]: Process [pid: 3438 uid: 0 unit: libpod-8480b39ddcac6a284264bbceb8ac4ce78a6294af3aef84ccf10b3ba82c952643.scope] disconnected from transaction progress
Oct 24 12:59:42.291088 ci-op-2fcpj5j6-f6035-2lklf-master-2 rpm-ostree[2669]: client(id:cli dbus:1.29 unit:libpod-8480b39ddcac6a284264bbceb8ac4ce78a6294af3aef84ccf10b3ba82c952643.scope uid:0) vanished; remaining=0
Oct 24 12:59:42.291115 ci-op-2fcpj5j6-f6035-2lklf-master-2 rpm-ostree[2669]: In idle state; will auto-exit in 61 seconds
Oct 24 12:59:42.584022 ci-op-2fcpj5j6-f6035-2lklf-master-2 systemd[1]: Stopping rpm-ostree System Management Daemon...
Oct 24 12:59:42.689956 ci-op-2fcpj5j6-f6035-2lklf-master-2 systemd[1]: rpm-ostreed.service: Deactivated successfully.
Oct 24 12:59:42.690165 ci-op-2fcpj5j6-f6035-2lklf-master-2 systemd[1]: Stopped rpm-ostree System Management Daemon.
Oct 24 12:59:42.699302 ci-op-2fcpj5j6-f6035-2lklf-master-2 systemd[1]: rpm-ostreed.service: Consumed 21.612s CPU time.
-- Boot 214824bf88694392aa2a891b18ceb619 --
Oct 24 13:03:54.944363 ci-op-2fcpj5j6-f6035-2lklf-master-2 systemd[1]: Starting rpm-ostree System Management Daemon...
Oct 24 13:03:55.041424 ci-op-2fcpj5j6-f6035-2lklf-master-2 rpm-ostree[7804]: Reading config file '/etc/rpm-ostreed.conf'
Oct 24 13:03:55.083700 ci-op-2fcpj5j6-f6035-2lklf-master-2 rpm-ostree[7804]: In idle state; will auto-exit in 63 seconds
Oct 24 13:03:55.084633 ci-op-2fcpj5j6-f6035-2lklf-master-2 systemd[1]: Started rpm-ostree System Management Daemon.
Oct 24 13:03:55.089311 ci-op-2fcpj5j6-f6035-2lklf-master-2 rpm-ostree[7804]: client(id:cli dbus:1.204 unit:crio-9c95a840064dbe70289c77b8dfa90a72c73bcd8972a584293a7cc03f08c750b9.scope uid:0) added; new total=1
Oct 24 13:03:55.097944 ci-op-2fcpj5j6-f6035-2lklf-master-2 rpm-ostree[7804]: client(id:cli dbus:1.204 unit:crio-9c95a840064dbe70289c77b8dfa90a72c73bcd8972a584293a7cc03f08c750b9.scope uid:0) vanished; remaining=0
Oct 24 13:03:55.097978 ci-op-2fcpj5j6-f6035-2lklf-master-2 rpm-ostree[7804]: In idle state; will auto-exit in 63 seconds
Oct 24 13:03:55.192214 ci-op-2fcpj5j6-f6035-2lklf-master-2 rpm-ostree[7804]: client(id:machine-config-operator dbus:1.205 unit:crio-9c95a840064dbe70289c77b8dfa90a72c73bcd8972a584293a7cc03f08c750b9.scope uid:0) added; new total=1
Oct 24 13:03:55.204784 ci-op-2fcpj5j6-f6035-2lklf-master-2 rpm-ostree[7804]: client(id:machine-config-operator dbus:1.205 unit:crio-9c95a840064dbe70289c77b8dfa90a72c73bcd8972a584293a7cc03f08c750b9.scope uid:0) vanished; remaining=0
Oct 24 13:03:55.204811 ci-op-2fcpj5j6-f6035-2lklf-master-2 rpm-ostree[7804]: In idle state; will auto-exit in 60 seconds
Oct 24 13:03:55.231841 ci-op-2fcpj5j6-f6035-2lklf-master-1 systemd[1]: Starting rpm-ostree System Management Daemon...
Oct 24 13:03:55.250582 ci-op-2fcpj5j6-f6035-2lklf-master-2 rpm-ostree[7804]: client(id:machine-config-operator dbus:1.206 unit:crio-9c95a840064dbe70289c77b8dfa90a72c73bcd8972a584293a7cc03f08c750b9.scope uid:0) added; new total=1
Oct 24 13:03:55.258622 ci-op-2fcpj5j6-f6035-2lklf-master-2 rpm-ostree[7804]: client(id:machine-config-operator dbus:1.206 unit:crio-9c95a840064dbe70289c77b8dfa90a72c73bcd8972a584293a7cc03f08c750b9.scope uid:0) vanished; remaining=0
Oct 24 13:03:55.258650 ci-op-2fcpj5j6-f6035-2lklf-master-2 rpm-ostree[7804]: In idle state; will auto-exit in 64 seconds
Oct 24 13:03:55.325220 ci-op-2fcpj5j6-f6035-2lklf-master-1 rpm-ostree[9873]: Reading config file '/etc/rpm-ostreed.conf'
Oct 24 13:03:55.348867 ci-op-2fcpj5j6-f6035-2lklf-master-1 rpm-ostree[9873]: In idle state; will auto-exit in 63 seconds
Oct 24 13:03:55.348961 ci-op-2fcpj5j6-f6035-2lklf-master-1 systemd[1]: Started rpm-ostree System Management Daemon.
Oct 24 13:03:55.352898 ci-op-2fcpj5j6-f6035-2lklf-master-1 rpm-ostree[9873]: client(id:cli dbus:1.227 unit:crio-51041e47302aa923ae480f4f3e3ba906c7ea38af6b395263bee850384c713017.scope uid:0) added; new total=1
Oct 24 13:03:55.358569 ci-op-2fcpj5j6-f6035-2lklf-master-1 rpm-ostree[9873]: client(id:cli dbus:1.227 unit:crio-51041e47302aa923ae480f4f3e3ba906c7ea38af6b395263bee850384c713017.scope uid:0) vanished; remaining=0
Oct 24 13:03:55.358589 ci-op-2fcpj5j6-f6035-2lklf-master-1 rpm-ostree[9873]: In idle state; will auto-exit in 64 seconds
Oct 24 13:03:55.432843 ci-op-2fcpj5j6-f6035-2lklf-master-1 rpm-ostree[9873]: client(id:machine-config-operator dbus:1.228 unit:crio-51041e47302aa923ae480f4f3e3ba906c7ea38af6b395263bee850384c713017.scope uid:0) added; new total=1
Oct 24 13:03:55.442312 ci-op-2fcpj5j6-f6035-2lklf-master-1 rpm-ostree[9873]: client(id:machine-config-operator dbus:1.228 unit:crio-51041e47302aa923ae480f4f3e3ba906c7ea38af6b395263bee850384c713017.scope uid:0) vanished; remaining=0
Oct 24 13:03:55.442390 ci-op-2fcpj5j6-f6035-2lklf-master-1 rpm-ostree[9873]: In idle state; will auto-exit in 61 seconds
Oct 24 13:03:55.483552 ci-op-2fcpj5j6-f6035-2lklf-master-1 rpm-ostree[9873]: client(id:machine-config-operator dbus:1.229 unit:crio-51041e47302aa923ae480f4f3e3ba906c7ea38af6b395263bee850384c713017.scope uid:0) added; new total=1
Oct 24 13:03:55.491381 ci-op-2fcpj5j6-f6035-2lklf-master-1 rpm-ostree[9873]: client(id:machine-config-operator dbus:1.229 unit:crio-51041e47302aa923ae480f4f3e3ba906c7ea38af6b395263bee850384c713017.scope uid:0) vanished; remaining=0
Oct 24 13:03:55.491406 ci-op-2fcpj5j6-f6035-2lklf-master-1 rpm-ostree[9873]: In idle state; will auto-exit in 60 seconds
Oct 24 13:03:57.218695 ci-op-2fcpj5j6-f6035-2lklf-master-0 systemd[1]: Starting rpm-ostree System Management Daemon...
Oct 24 13:03:57.361582 ci-op-2fcpj5j6-f6035-2lklf-master-0 rpm-ostree[7433]: Reading config file '/etc/rpm-ostreed.conf'
Oct 24 13:03:57.430486 ci-op-2fcpj5j6-f6035-2lklf-master-0 rpm-ostree[7433]: In idle state; will auto-exit in 64 seconds
Oct 24 13:03:57.431292 ci-op-2fcpj5j6-f6035-2lklf-master-0 systemd[1]: Started rpm-ostree System Management Daemon.
Oct 24 13:03:57.444518 ci-op-2fcpj5j6-f6035-2lklf-master-0 rpm-ostree[7433]: client(id:cli dbus:1.203 unit:crio-fca22dfe7de21a9271dc845d3bc3d1ffe291ee1dc5d20a2948cf86896f51e667.scope uid:0) added; new total=1
Oct 24 13:03:57.453837 ci-op-2fcpj5j6-f6035-2lklf-master-0 rpm-ostree[7433]: client(id:cli dbus:1.203 unit:crio-fca22dfe7de21a9271dc845d3bc3d1ffe291ee1dc5d20a2948cf86896f51e667.scope uid:0) vanished; remaining=0
Oct 24 13:03:57.453859 ci-op-2fcpj5j6-f6035-2lklf-master-0 rpm-ostree[7433]: In idle state; will auto-exit in 64 seconds
Oct 24 13:03:57.585350 ci-op-2fcpj5j6-f6035-2lklf-master-0 rpm-ostree[7433]: client(id:machine-config-operator dbus:1.204 unit:crio-fca22dfe7de21a9271dc845d3bc3d1ffe291ee1dc5d20a2948cf86896f51e667.scope uid:0) added; new total=1
Oct 24 13:03:57.598832 ci-op-2fcpj5j6-f6035-2lklf-master-0 rpm-ostree[7433]: client(id:machine-config-operator dbus:1.204 unit:crio-fca22dfe7de21a9271dc845d3bc3d1ffe291ee1dc5d20a2948cf86896f51e667.scope uid:0) vanished; remaining=0
Oct 24 13:03:57.598857 ci-op-2fcpj5j6-f6035-2lklf-master-0 rpm-ostree[7433]: In idle state; will auto-exit in 63 seconds
Oct 24 13:03:57.666259 ci-op-2fcpj5j6-f6035-2lklf-master-0 rpm-ostree[7433]: client(id:machine-config-operator dbus:1.205 unit:crio-fca22dfe7de21a9271dc845d3bc3d1ffe291ee1dc5d20a2948cf86896f51e667.scope uid:0) added; new total=1
Oct 24 13:03:57.677059 ci-op-2fcpj5j6-f6035-2lklf-master-0 rpm-ostree[7433]: client(id:machine-config-operator dbus:1.205 unit:crio-fca22dfe7de21a9271dc845d3bc3d1ffe291ee1dc5d20a2948cf86896f51e667.scope uid:0) vanished; remaining=0
Oct 24 13:03:57.677079 ci-op-2fcpj5j6-f6035-2lklf-master-0 rpm-ostree[7433]: In idle state; will auto-exit in 61 seconds
Oct 24 13:04:06.573151 ci-op-2fcpj5j6-f6035-2lklf-master-1 rpm-ostree[9873]: client(id:machine-config-operator dbus:1.231 unit:crio-51041e47302aa923ae480f4f3e3ba906c7ea38af6b395263bee850384c713017.scope uid:0) added; new total=1
Oct 24 13:04:06.580908 ci-op-2fcpj5j6-f6035-2lklf-master-1 rpm-ostree[9873]: Loaded sysroot
Oct 24 13:04:06.583237 ci-op-2fcpj5j6-f6035-2lklf-master-1 rpm-ostree[9873]: Locked sysroot
Oct 24 13:04:06.583320 ci-op-2fcpj5j6-f6035-2lklf-master-1 rpm-ostree[9873]: Initiated txn Cleanup for client(id:machine-config-operator dbus:1.231 unit:crio-51041e47302aa923ae480f4f3e3ba906c7ea38af6b395263bee850384c713017.scope uid:0): /org/projectatomic/rpmostree1/rhcos
Oct 24 13:04:06.587411 ci-op-2fcpj5j6-f6035-2lklf-master-1 rpm-ostree[9873]: Process [pid: 10248 uid: 0 unit: crio-51041e47302aa923ae480f4f3e3ba906c7ea38af6b395263bee850384c713017.scope] connected to transaction progress
Oct 24 13:04:06.589492 ci-op-2fcpj5j6-f6035-2lklf-master-1 rpm-ostree[9873]: bootfs is sufficient for calculated new size: 0 bytes
Oct 24 13:04:06.943246 ci-op-2fcpj5j6-f6035-2lklf-master-1 rpm-ostree[9873]: Starting syncfs() for system root
Oct 24 13:04:07.311119 ci-op-2fcpj5j6-f6035-2lklf-master-1 rpm-ostree[9873]: Completed syncfs() for system root in 368 ms
Oct 24 13:04:07.311134 ci-op-2fcpj5j6-f6035-2lklf-master-1 rpm-ostree[9873]: Starting freeze/thaw cycle for system root
Oct 24 13:04:07.346800 ci-op-2fcpj5j6-f6035-2lklf-master-1 rpm-ostree[9873]: Completed freeze/thaw cycle for system root in 35 ms
Oct 24 13:04:07.348962 ci-op-2fcpj5j6-f6035-2lklf-master-1 rpm-ostree[9873]: Bootloader updated; bootconfig swap: yes; bootversion: boot.1.1, deployment count change: -1
Oct 24 13:04:08.769398 ci-op-2fcpj5j6-f6035-2lklf-master-0 rpm-ostree[7433]: client(id:machine-config-operator dbus:1.226 unit:crio-fca22dfe7de21a9271dc845d3bc3d1ffe291ee1dc5d20a2948cf86896f51e667.scope uid:0) added; new total=1
Oct 24 13:04:08.780777 ci-op-2fcpj5j6-f6035-2lklf-master-0 rpm-ostree[7433]: Loaded sysroot
Oct 24 13:04:08.802595 ci-op-2fcpj5j6-f6035-2lklf-master-0 rpm-ostree[7433]: Locked sysroot
Oct 24 13:04:08.802724 ci-op-2fcpj5j6-f6035-2lklf-master-0 rpm-ostree[7433]: Initiated txn Cleanup for client(id:machine-config-operator dbus:1.226 unit:crio-fca22dfe7de21a9271dc845d3bc3d1ffe291ee1dc5d20a2948cf86896f51e667.scope uid:0): /org/projectatomic/rpmostree1/rhcos
Oct 24 13:04:08.812533 ci-op-2fcpj5j6-f6035-2lklf-master-0 rpm-ostree[7433]: Process [pid: 8202 uid: 0 unit: crio-fca22dfe7de21a9271dc845d3bc3d1ffe291ee1dc5d20a2948cf86896f51e667.scope] connected to transaction progress
Oct 24 13:04:08.816230 ci-op-2fcpj5j6-f6035-2lklf-master-0 rpm-ostree[7433]: bootfs is sufficient for calculated new size: 0 bytes
Oct 24 13:04:09.337267 ci-op-2fcpj5j6-f6035-2lklf-master-0 rpm-ostree[7433]: Starting syncfs() for system root
Oct 24 13:04:11.537315 ci-op-2fcpj5j6-f6035-2lklf-master-1 rpm-ostree[9873]: Txn Cleanup on /org/projectatomic/rpmostree1/rhcos successful
Oct 24 13:04:11.538651 ci-op-2fcpj5j6-f6035-2lklf-master-1 rpm-ostree[9873]: Unlocked sysroot
Oct 24 13:04:11.539514 ci-op-2fcpj5j6-f6035-2lklf-master-1 rpm-ostree[9873]: Process [pid: 10248 uid: 0 unit: crio-51041e47302aa923ae480f4f3e3ba906c7ea38af6b395263bee850384c713017.scope] disconnected from transaction progress
Oct 24 13:04:11.541339 ci-op-2fcpj5j6-f6035-2lklf-master-1 rpm-ostree[9873]: client(id:machine-config-operator dbus:1.231 unit:crio-51041e47302aa923ae480f4f3e3ba906c7ea38af6b395263bee850384c713017.scope uid:0) vanished; remaining=0
Oct 24 13:04:11.541365 ci-op-2fcpj5j6-f6035-2lklf-master-1 rpm-ostree[9873]: In idle state; will auto-exit in 62 seconds
Oct 24 13:04:14.802598 ci-op-2fcpj5j6-f6035-2lklf-master-0 rpm-ostree[7433]: Completed syncfs() for system root in 5465 ms
Oct 24 13:04:14.802621 ci-op-2fcpj5j6-f6035-2lklf-master-0 rpm-ostree[7433]: Starting freeze/thaw cycle for system root
Oct 24 13:04:14.848514 ci-op-2fcpj5j6-f6035-2lklf-master-0 rpm-ostree[7433]: Completed freeze/thaw cycle for system root in 46 ms
Oct 24 13:04:14.852217 ci-op-2fcpj5j6-f6035-2lklf-master-0 rpm-ostree[7433]: Bootloader updated; bootconfig swap: yes; bootversion: boot.1.1, deployment count change: -1
Oct 24 13:04:16.344720 ci-op-2fcpj5j6-f6035-2lklf-master-2 rpm-ostree[7804]: client(id:machine-config-operator dbus:1.218 unit:crio-9c95a840064dbe70289c77b8dfa90a72c73bcd8972a584293a7cc03f08c750b9.scope uid:0) added; new total=1
Oct 24 13:04:16.356982 ci-op-2fcpj5j6-f6035-2lklf-master-2 rpm-ostree[7804]: Loaded sysroot
Oct 24 13:04:16.361109 ci-op-2fcpj5j6-f6035-2lklf-master-2 rpm-ostree[7804]: Locked sysroot
Oct 24 13:04:16.361236 ci-op-2fcpj5j6-f6035-2lklf-master-2 rpm-ostree[7804]: Initiated txn Cleanup for client(id:machine-config-operator dbus:1.218 unit:crio-9c95a840064dbe70289c77b8dfa90a72c73bcd8972a584293a7cc03f08c750b9.scope uid:0): /org/projectatomic/rpmostree1/rhcos
Oct 24 13:04:16.368498 ci-op-2fcpj5j6-f6035-2lklf-master-2 rpm-ostree[7804]: Process [pid: 8541 uid: 0 unit: crio-9c95a840064dbe70289c77b8dfa90a72c73bcd8972a584293a7cc03f08c750b9.scope] connected to transaction progress
Oct 24 13:04:16.371437 ci-op-2fcpj5j6-f6035-2lklf-master-2 rpm-ostree[7804]: bootfs is sufficient for calculated new size: 0 bytes
Oct 24 13:04:16.937560 ci-op-2fcpj5j6-f6035-2lklf-master-2 rpm-ostree[7804]: Starting syncfs() for system root
Oct 24 13:04:18.825334 ci-op-2fcpj5j6-f6035-2lklf-master-2 rpm-ostree[7804]: Completed syncfs() for system root in 1887 ms
Oct 24 13:04:18.825353 ci-op-2fcpj5j6-f6035-2lklf-master-2 rpm-ostree[7804]: Starting freeze/thaw cycle for system root
Oct 24 13:04:18.867976 ci-op-2fcpj5j6-f6035-2lklf-master-2 rpm-ostree[7804]: Completed freeze/thaw cycle for system root in 43 ms
Oct 24 13:04:18.871493 ci-op-2fcpj5j6-f6035-2lklf-master-2 rpm-ostree[7804]: Bootloader updated; bootconfig swap: yes; bootversion: boot.1.1, deployment count change: -1
Oct 24 13:04:22.133303 ci-op-2fcpj5j6-f6035-2lklf-master-0 rpm-ostree[7433]: Txn Cleanup on /org/projectatomic/rpmostree1/rhcos successful
Oct 24 13:04:22.135306 ci-op-2fcpj5j6-f6035-2lklf-master-0 rpm-ostree[7433]: Unlocked sysroot
Oct 24 13:04:22.136886 ci-op-2fcpj5j6-f6035-2lklf-master-0 rpm-ostree[7433]: Process [pid: 8202 uid: 0 unit: crio-fca22dfe7de21a9271dc845d3bc3d1ffe291ee1dc5d20a2948cf86896f51e667.scope] disconnected from transaction progress
Oct 24 13:04:22.140231 ci-op-2fcpj5j6-f6035-2lklf-master-0 rpm-ostree[7433]: client(id:machine-config-operator dbus:1.226 unit:crio-fca22dfe7de21a9271dc845d3bc3d1ffe291ee1dc5d20a2948cf86896f51e667.scope uid:0) vanished; remaining=0
Oct 24 13:04:22.140267 ci-op-2fcpj5j6-f6035-2lklf-master-0 rpm-ostree[7433]: In idle state; will auto-exit in 63 seconds
Oct 24 13:04:26.515750 ci-op-2fcpj5j6-f6035-2lklf-master-0 rpm-ostree[7433]: client(id:machine-config-operator dbus:1.238 unit:crio-fca22dfe7de21a9271dc845d3bc3d1ffe291ee1dc5d20a2948cf86896f51e667.scope uid:0) added; new total=1
Oct 24 13:04:26.524952 ci-op-2fcpj5j6-f6035-2lklf-master-0 rpm-ostree[7433]: client(id:machine-config-operator dbus:1.238 unit:crio-fca22dfe7de21a9271dc845d3bc3d1ffe291ee1dc5d20a2948cf86896f51e667.scope uid:0) vanished; remaining=0
Oct 24 13:04:26.525004 ci-op-2fcpj5j6-f6035-2lklf-master-0 rpm-ostree[7433]: In idle state; will auto-exit in 64 seconds
Oct 24 13:04:26.793146 ci-op-2fcpj5j6-f6035-2lklf-master-2 rpm-ostree[7804]: Txn Cleanup on /org/projectatomic/rpmostree1/rhcos successful
Oct 24 13:04:26.796660 ci-op-2fcpj5j6-f6035-2lklf-master-2 rpm-ostree[7804]: Unlocked sysroot
Oct 24 13:04:26.798393 ci-op-2fcpj5j6-f6035-2lklf-master-2 rpm-ostree[7804]: Process [pid: 8541 uid: 0 unit: crio-9c95a840064dbe70289c77b8dfa90a72c73bcd8972a584293a7cc03f08c750b9.scope] disconnected from transaction progress
Oct 24 13:04:26.801877 ci-op-2fcpj5j6-f6035-2lklf-master-2 rpm-ostree[7804]: client(id:machine-config-operator dbus:1.218 unit:crio-9c95a840064dbe70289c77b8dfa90a72c73bcd8972a584293a7cc03f08c750b9.scope uid:0) vanished; remaining=0
Oct 24 13:04:26.801908 ci-op-2fcpj5j6-f6035-2lklf-master-2 rpm-ostree[7804]: In idle state; will auto-exit in 64 seconds
Oct 24 13:04:28.133433 ci-op-2fcpj5j6-f6035-2lklf-master-2 rpm-ostree[7804]: client(id:machine-config-operator dbus:1.224 unit:crio-9c95a840064dbe70289c77b8dfa90a72c73bcd8972a584293a7cc03f08c750b9.scope uid:0) added; new total=1
Oct 24 13:04:28.143025 ci-op-2fcpj5j6-f6035-2lklf-master-2 rpm-ostree[7804]: client(id:machine-config-operator dbus:1.224 unit:crio-9c95a840064dbe70289c77b8dfa90a72c73bcd8972a584293a7cc03f08c750b9.scope uid:0) vanished; remaining=0
Oct 24 13:04:28.143056 ci-op-2fcpj5j6-f6035-2lklf-master-2 rpm-ostree[7804]: In idle state; will auto-exit in 61 seconds
Oct 24 13:05:13.866374 ci-op-2fcpj5j6-f6035-2lklf-master-1 systemd[1]: rpm-ostreed.service: Deactivated successfully.
Oct 24 13:05:13.866964 ci-op-2fcpj5j6-f6035-2lklf-master-1 systemd[1]: rpm-ostreed.service: Consumed 2.057s CPU time.
Oct 24 13:05:28.920240 ci-op-2fcpj5j6-f6035-2lklf-master-2 systemd[1]: rpm-ostreed.service: Deactivated successfully.
Oct 24 13:05:28.920914 ci-op-2fcpj5j6-f6035-2lklf-master-2 systemd[1]: rpm-ostreed.service: Consumed 3.096s CPU time.
Oct 24 13:05:30.457266 ci-op-2fcpj5j6-f6035-2lklf-master-1 systemd[1]: Starting rpm-ostree System Management Daemon...
Oct 24 13:05:30.569067 ci-op-2fcpj5j6-f6035-2lklf-master-1 rpm-ostree[14084]: Reading config file '/etc/rpm-ostreed.conf'
Oct 24 13:05:30.575480 ci-op-2fcpj5j6-f6035-2lklf-master-1 rpm-ostree[14084]: In idle state; will auto-exit in 62 seconds
Oct 24 13:05:30.575993 ci-op-2fcpj5j6-f6035-2lklf-master-1 systemd[1]: Started rpm-ostree System Management Daemon.
Oct 24 13:05:30.579692 ci-op-2fcpj5j6-f6035-2lklf-master-1 rpm-ostree[14084]: client(id:machine-config-operator dbus:1.283 unit:crio-51041e47302aa923ae480f4f3e3ba906c7ea38af6b395263bee850384c713017.scope uid:0) added; new total=1
Oct 24 13:05:30.586569 ci-op-2fcpj5j6-f6035-2lklf-master-1 rpm-ostree[14084]: client(id:machine-config-operator dbus:1.283 unit:crio-51041e47302aa923ae480f4f3e3ba906c7ea38af6b395263bee850384c713017.scope uid:0) vanished; remaining=0
Oct 24 13:05:30.586586 ci-op-2fcpj5j6-f6035-2lklf-master-1 rpm-ostree[14084]: In idle state; will auto-exit in 64 seconds
Oct 24 13:05:30.932652 ci-op-2fcpj5j6-f6035-2lklf-master-0 systemd[1]: rpm-ostreed.service: Deactivated successfully.
Oct 24 13:05:30.933392 ci-op-2fcpj5j6-f6035-2lklf-master-0 systemd[1]: rpm-ostreed.service: Consumed 2.776s CPU time.
Oct 24 13:06:34.859521 ci-op-2fcpj5j6-f6035-2lklf-master-1 systemd[1]: rpm-ostreed.service: Deactivated successfully.
Oct 24 13:19:05.766436 ci-op-2fcpj5j6-f6035-2lklf-master-1 systemd[1]: Starting rpm-ostree System Management Daemon...
Oct 24 13:19:05.932584 ci-op-2fcpj5j6-f6035-2lklf-master-1 rpm-ostree[38086]: Reading config file '/etc/rpm-ostreed.conf'
Oct 24 13:19:05.938706 ci-op-2fcpj5j6-f6035-2lklf-master-1 rpm-ostree[38086]: In idle state; will auto-exit in 63 seconds
Oct 24 13:19:05.939699 ci-op-2fcpj5j6-f6035-2lklf-master-1 systemd[1]: Started rpm-ostree System Management Daemon.
Oct 24 13:19:05.943994 ci-op-2fcpj5j6-f6035-2lklf-master-1 rpm-ostree[38086]: client(id:machine-config-operator dbus:1.491 unit:crio-51041e47302aa923ae480f4f3e3ba906c7ea38af6b395263bee850384c713017.scope uid:0) added; new total=1
Oct 24 13:19:05.950584 ci-op-2fcpj5j6-f6035-2lklf-master-1 rpm-ostree[38086]: client(id:machine-config-operator dbus:1.491 unit:crio-51041e47302aa923ae480f4f3e3ba906c7ea38af6b395263bee850384c713017.scope uid:0) vanished; remaining=0
Oct 24 13:19:05.950609 ci-op-2fcpj5j6-f6035-2lklf-master-1 rpm-ostree[38086]: In idle state; will auto-exit in 61 seconds
Oct 24 13:20:06.843336 ci-op-2fcpj5j6-f6035-2lklf-master-1 systemd[1]: rpm-ostreed.service: Deactivated successfully.
